05:05:49 [INFO] starting tacky-borders
05:05:49 [INFO] generating default config in C:\Users\parazeeknova\.config\tacky-borders
05:05:51 [INFO] border is disabled for HWND(0x2108be)
05:05:53 [INFO] border is disabled for HWND(0x2208be)
05:06:43 [INFO] border is disabled for HWND(0x20936)
05:06:49 [INFO] border is disabled for HWND(0x4d08bc)
05:06:54 [INFO] config.yaml has changed; reloading borders
05:06:54 [ERROR] received invalid dpi of 0 from GetDpiForWindow for HWND(0x2b00b0)
05:07:03 [INFO] config.yaml has changed; reloading borders
05:07:03 [ERROR] received invalid dpi of 0 from GetDpiForWindow for HWND(0xe08c6)
05:07:32 [INFO] config.yaml has changed; reloading borders
05:07:32 [ERROR] received invalid dpi of 0 from GetDpiForWindow for HWND(0x26076a)
05:07:32 [ERROR] received invalid dpi of 0 from GetDpiForWindow for HWND(0x170920)
05:07:39 [INFO] border is disabled for HWND(0x3d0836)
05:07:47 [INFO] config.yaml has changed; reloading borders
05:07:47 [ERROR] received invalid dpi of 0 from GetDpiForWindow for HWND(0x1108c6)
05:08:01 [INFO] config.yaml has changed; reloading borders
05:08:01 [ERROR] received invalid dpi of 0 from GetDpiForWindow for HWND(0x190920)
05:08:03 [INFO] config.yaml has changed; reloading borders
05:08:05 [INFO] border is disabled for HWND(0x3f0836)
05:08:40 [ERROR] could not reload config: unknown field `active_color`, expected one of `watch_config_changes`, `global`, `window_rules` at line 43 column 1
05:08:40 [INFO] config.yaml has changed; reloading borders
05:08:40 [ERROR] received invalid dpi of 0 from GetDpiForWindow for HWND(0x2c076a)
05:08:40 [ERROR] received invalid dpi of 0 from GetDpiForWindow for HWND(0x3200b0)
05:08:41 [ERROR] could not reload config: unknown field `active_color`, expected one of `watch_config_changes`, `global`, `window_rules` at line 43 column 1
05:08:45 [INFO] config.yaml has changed; reloading borders
05:08:45 [ERROR] received invalid dpi of 0 from GetDpiForWindow for HWND(0x1c0920)
05:08:47 [INFO] border is disabled for HWND(0x3c0862)
05:09:12 [INFO] border is disabled for HWND(0xf00a4)
05:09:37 [INFO] border is disabled for HWND(0x10960)
05:09:45 [INFO] config.yaml has changed; reloading borders
05:09:45 [ERROR] received invalid dpi of 0 from GetDpiForWindow for HWND(0x1d0920)
05:09:46 [INFO] border is disabled for HWND(0xd0970)
05:09:55 [INFO] config.yaml has changed; reloading borders
05:09:55 [ERROR] received invalid dpi of 0 from GetDpiForWindow for HWND(0x8094a)
05:09:58 [INFO] config.yaml has changed; reloading borders
05:09:58 [ERROR] received invalid dpi of 0 from GetDpiForWindow for HWND(0x18094e)
05:10:04 [INFO] config.yaml has changed; reloading borders
05:10:04 [ERROR] received invalid dpi of 0 from GetDpiForWindow for HWND(0x370900)
05:10:14 [INFO] config.yaml has changed; reloading borders
05:10:20 [INFO] config.yaml has changed; reloading borders
05:10:20 [ERROR] received invalid dpi of 0 from GetDpiForWindow for HWND(0xc094a)
05:10:21 [INFO] border is disabled for HWND(0x1b086e)
05:10:34 [INFO] config.yaml has changed; reloading borders
05:10:39 [INFO] config.yaml has changed; reloading borders
05:10:39 [ERROR] received invalid dpi of 0 from GetDpiForWindow for HWND(0x3707bc)
05:10:39 [ERROR] received invalid dpi of 0 from GetDpiForWindow for HWND(0x3b0900)
05:10:44 [INFO] config.yaml has changed; reloading borders
05:10:44 [ERROR] received invalid dpi of 0 from GetDpiForWindow for HWND(0x11094a)
05:10:50 [INFO] config.yaml has changed; reloading borders
05:10:50 [ERROR] received invalid dpi of 0 from GetDpiForWindow for HWND(0x3a07bc)
05:10:50 [ERROR] received invalid dpi of 0 from GetDpiForWindow for HWND(0x3d00b0)
05:10:50 [ERROR] received invalid dpi of 0 from GetDpiForWindow for HWND(0x3d0900)
05:10:54 [INFO] config.yaml has changed; reloading borders
05:10:54 [ERROR] received invalid dpi of 0 from GetDpiForWindow for HWND(0x13094a)
05:10:54 [ERROR] received invalid dpi of 0 from GetDpiForWindow for HWND(0x3c07bc)
05:10:57 [INFO] config.yaml has changed; reloading borders
05:10:57 [ERROR] received invalid dpi of 0 from GetDpiForWindow for HWND(0x15094a)
05:10:59 [INFO] config.yaml has changed; reloading borders
05:10:59 [ERROR] received invalid dpi of 0 from GetDpiForWindow for HWND(0x5208fa)
05:11:02 [INFO] config.yaml has changed; reloading borders
05:11:02 [ERROR] received invalid dpi of 0 from GetDpiForWindow for HWND(0x430900)
05:11:05 [INFO] config.yaml has changed; reloading borders
05:11:05 [ERROR] received invalid dpi of 0 from GetDpiForWindow for HWND(0x18094a)
05:11:06 [INFO] config.yaml has changed; reloading borders
05:11:06 [ERROR] received invalid dpi of 0 from GetDpiForWindow for HWND(0x4407bc)
05:11:09 [INFO] border is disabled for HWND(0x2e0926)
05:11:18 [INFO] border is disabled for HWND(0x10960)
05:13:17 [INFO] border is disabled for HWND(0x1e0612)
05:14:13 [INFO] border is disabled for HWND(0x10206)
05:14:13 [INFO] border is disabled for HWND(0x20202)
05:14:16 [INFO] border is disabled for HWND(0x30976)
05:15:32 [INFO] border is disabled for HWND(0x404b8)
05:15:39 [INFO] border is disabled for HWND(0x404b2)
05:16:15 [INFO] border is disabled for HWND(0x10206)
05:16:15 [INFO] border is disabled for HWND(0x20202)
05:16:19 [INFO] border is disabled for HWND(0x10206)
05:16:20 [INFO] border is disabled for HWND(0x10206)
05:16:20 [INFO] border is disabled for HWND(0x20202)
05:16:28 [ERROR] could not set window position for HWND(0xd077c): Access is denied. (0x80070005)
05:16:28 [ERROR] could not set window position for HWND(0xd077c): Access is denied. (0x80070005)
05:16:30 [INFO] border is disabled for HWND(0x2d065a)
05:16:34 [INFO] border is disabled for HWND(0x2e065a)
05:16:40 [INFO] border is disabled for HWND(0x30065a)
05:18:02 [INFO] border is disabled for HWND(0xf00a4)
05:18:10 [INFO] border is disabled for HWND(0xf00a4)
05:18:45 [INFO] border is disabled for HWND(0xf00a4)
05:19:27 [INFO] border is disabled for HWND(0x10206)
05:19:27 [INFO] border is disabled for HWND(0x20202)
05:19:31 [INFO] border is disabled for HWND(0x6a02a6)
05:19:47 [INFO] border is disabled for HWND(0x70087e)
05:22:14 [INFO] border is disabled for HWND(0x204ee)
05:42:36 [INFO] border is disabled for HWND(0x102f0)
06:05:24 [INFO] border is disabled for HWND(0x102f0)
06:07:52 [INFO] border is disabled for HWND(0x100864)
06:09:52 [INFO] border is disabled for HWND(0x5b08fe)
06:10:19 [INFO] border is disabled for HWND(0x12001e)
06:10:24 [INFO] border is disabled for HWND(0xf00a4)
06:11:07 [INFO] border is disabled for HWND(0x10206)
06:11:07 [INFO] border is disabled for HWND(0x20202)
06:11:12 [INFO] border is disabled for HWND(0x3f08a6)
06:11:17 [INFO] border is disabled for HWND(0xa07b2)
06:11:19 [INFO] border is disabled for HWND(0xa04c0)
06:11:20 [INFO] border is disabled for HWND(0x10206)
06:11:20 [INFO] border is disabled for HWND(0x20202)
06:11:28 [INFO] border is disabled for HWND(0x3b0716)
06:12:54 [INFO] border is disabled for HWND(0xf00a4)
06:13:18 [INFO] border is disabled for HWND(0x10206)
06:13:18 [INFO] border is disabled for HWND(0x20202)
06:13:24 [INFO] border is disabled for HWND(0x43094e)
06:13:30 [INFO] border is disabled for HWND(0x17016c)
06:13:37 [INFO] border is disabled for HWND(0x10206)
06:13:37 [INFO] border is disabled for HWND(0x20202)
06:13:40 [INFO] border is disabled for HWND(0x4406ec)
06:13:50 [INFO] border is disabled for HWND(0x3308be)
06:13:53 [INFO] border is disabled for HWND(0x1a08f2)
06:13:57 [INFO] border is disabled for HWND(0x1b08f2)
06:14:22 [INFO] border is disabled for HWND(0x204ee)
06:14:44 [INFO] border is disabled for HWND(0x304d6)
06:15:09 [ERROR] could not set window position for HWND(0x404d6): Access is denied. (0x80070005)
06:15:09 [ERROR] could not set window position for HWND(0x404d6): Access is denied. (0x80070005)
06:15:40 [INFO] border is disabled for HWND(0x12097c)
06:16:31 [INFO] border is disabled for HWND(0x2b08ce)
06:16:47 [INFO] border is disabled for HWND(0xf00a4)
06:17:01 [INFO] border is disabled for HWND(0x1007a4)
06:17:06 [INFO] border is disabled for HWND(0x1107a4)
06:17:09 [INFO] border is disabled for HWND(0xf0984)
06:17:58 [INFO] border is disabled for HWND(0x2a014a)
06:18:03 [INFO] border is disabled for HWND(0xb0a04)
06:18:14 [INFO] border is disabled for HWND(0x1107e8)
06:18:36 [INFO] border is disabled for HWND(0x1707a4)
06:18:36 [INFO] border is disabled for HWND(0x1807a4)
06:18:47 [INFO] border is disabled for HWND(0x1a07a4)
06:18:48 [INFO] border is disabled for HWND(0x1b07a4)
06:19:05 [INFO] border is disabled for HWND(0xf00a4)
06:19:15 [INFO] border is disabled for HWND(0x61087a)
06:19:44 [INFO] border is disabled for HWND(0x1e076c)
06:19:58 [INFO] border is disabled for HWND(0x90758)
06:20:01 [INFO] border is disabled for HWND(0x10206)
06:20:01 [INFO] border is disabled for HWND(0x20202)
06:20:04 [INFO] border is disabled for HWND(0x10206)
06:20:04 [INFO] border is disabled for HWND(0x20202)
06:20:04 [INFO] border is disabled for HWND(0x10206)
06:20:04 [INFO] border is disabled for HWND(0x20202)
06:20:05 [INFO] border is disabled for HWND(0x10206)
06:20:05 [INFO] border is disabled for HWND(0x20202)
06:20:06 [INFO] border is disabled for HWND(0x10206)
06:20:06 [INFO] border is disabled for HWND(0x20202)
06:20:07 [INFO] border is disabled for HWND(0x10206)
06:20:07 [INFO] border is disabled for HWND(0x20202)
06:20:13 [INFO] border is disabled for HWND(0x1408ec)
06:20:27 [INFO] border is disabled for HWND(0x10206)
06:20:27 [INFO] border is disabled for HWND(0x20202)
06:20:30 [INFO] border is disabled for HWND(0x10206)
06:20:30 [INFO] border is disabled for HWND(0x20202)
06:20:31 [INFO] border is disabled for HWND(0x10206)
06:20:31 [INFO] border is disabled for HWND(0x20202)
06:20:32 [INFO] border is disabled for HWND(0x10206)
06:20:32 [INFO] border is disabled for HWND(0x20202)
06:20:33 [INFO] border is disabled for HWND(0x10206)
06:20:33 [INFO] border is disabled for HWND(0x20202)
06:20:37 [INFO] border is disabled for HWND(0x1e0720)
06:20:38 [INFO] border is disabled for HWND(0x1f0720)
06:22:19 [INFO] border is disabled for HWND(0x2a05c0)
06:22:23 [INFO] border is disabled for HWND(0x2b05c0)
06:23:06 [INFO] border is disabled for HWND(0x10206)
06:23:06 [INFO] border is disabled for HWND(0x20202)
06:23:09 [INFO] border is disabled for HWND(0x10206)
06:23:09 [INFO] border is disabled for HWND(0x20202)
06:23:13 [INFO] border is disabled for HWND(0x3e0716)
06:23:15 [INFO] border is disabled for HWND(0xe0740)
06:23:18 [INFO] border is disabled for HWND(0xf0740)
06:23:44 [INFO] border is disabled for HWND(0x1607aa)
06:24:05 [INFO] border is disabled for HWND(0x110812)
06:24:06 [INFO] border is disabled for HWND(0x120812)
06:24:13 [INFO] border is disabled for HWND(0x110974)
06:24:34 [INFO] border is disabled for HWND(0x1d08ec)
06:24:39 [ERROR] could not set window position for HWND(0xb07b0): Access is denied. (0x80070005)
06:24:39 [ERROR] could not set window position for HWND(0xb07b0): Access is denied. (0x80070005)
06:24:40 [INFO] border is disabled for HWND(0x1906ea)
06:25:12 [INFO] border is disabled for HWND(0x240072)
06:25:19 [INFO] border is disabled for HWND(0x250072)
06:25:23 [INFO] border is disabled for HWND(0x260072)
06:25:25 [INFO] border is disabled for HWND(0xf00a4)
06:25:30 [ERROR] could not set window position for HWND(0x2108ec): Access is denied. (0x80070005)
06:25:30 [ERROR] could not set window position for HWND(0x2108ec): Access is denied. (0x80070005)
06:25:31 [INFO] border is disabled for HWND(0x1a082e)
06:26:26 [INFO] border is disabled for HWND(0xf00a4)
06:26:35 [INFO] border is disabled for HWND(0x5905f8)
06:26:36 [INFO] border is disabled for HWND(0x5a05f8)
06:27:13 [INFO] border is disabled for HWND(0x3c07a6)
06:28:49 [INFO] border is disabled for HWND(0x1b06fa)
06:28:49 [INFO] border is disabled for HWND(0x1c06fa)
06:33:31 [INFO] border is disabled for HWND(0x1e0612)
06:33:33 [INFO] border is disabled for HWND(0x10206)
06:33:33 [INFO] border is disabled for HWND(0x20202)
06:33:39 [ERROR] could not retrieve window corner preference: The handle is invalid. (0x80070006)
06:33:40 [ERROR] could not get window rect for HWND(0xd04be): The handle is invalid. (0x80070006)
06:34:33 [INFO] border is disabled for HWND(0x1e0612)
06:42:46 [INFO] border is disabled for HWND(0x1e0612)
06:43:28 [INFO] border is disabled for HWND(0x1e0612)
06:43:44 [INFO] border is disabled for HWND(0x1e0612)
06:44:04 [INFO] border is disabled for HWND(0x1e0612)
06:45:32 [INFO] border is disabled for HWND(0x1e0612)
06:47:44 [INFO] border is disabled for HWND(0x70a2e)
06:47:48 [INFO] border is disabled for HWND(0x2706cc)
06:47:55 [INFO] border is disabled for HWND(0x2806cc)
06:48:59 [INFO] border is disabled for HWND(0x48096e)
06:49:01 [INFO] border is disabled for HWND(0x320764)
06:49:05 [INFO] border is disabled for HWND(0x10206)
06:49:05 [INFO] border is disabled for HWND(0x20202)
06:49:41 [INFO] border is disabled for HWND(0x30b08)
06:49:43 [INFO] border is disabled for HWND(0x1404a0)
06:49:55 [INFO] border is disabled for HWND(0x1f06c6)
06:49:58 [INFO] border is disabled for HWND(0x2006c6)
06:49:59 [INFO] border is disabled for HWND(0x2106c6)
06:52:31 [INFO] border is disabled for HWND(0x1e0612)
06:53:10 [INFO] border is disabled for HWND(0x1e0612)
06:53:16 [INFO] border is disabled for HWND(0x1e0612)
06:53:22 [INFO] border is disabled for HWND(0x1e0612)
06:53:36 [INFO] border is disabled for HWND(0x1e0612)
06:54:16 [INFO] border is disabled for HWND(0x1e0612)
06:54:45 [INFO] border is disabled for HWND(0x1e0612)
06:54:57 [INFO] border is disabled for HWND(0x1e0612)
06:56:53 [INFO] border is disabled for HWND(0x204ee)
06:56:54 [INFO] border is disabled for HWND(0x1e0612)
06:57:56 [INFO] border is disabled for HWND(0x1e0612)
06:58:13 [INFO] border is disabled for HWND(0x1e0612)
06:58:19 [INFO] border is disabled for HWND(0x1e0612)
06:58:37 [INFO] border is disabled for HWND(0x1e0612)
06:59:17 [INFO] border is disabled for HWND(0x1e0612)
06:59:39 [INFO] border is disabled for HWND(0x1e0612)
06:59:52 [INFO] border is disabled for HWND(0x1e0612)
07:00:20 [INFO] border is disabled for HWND(0x1e0612)
07:00:24 [INFO] border is disabled for HWND(0x1e0612)
07:01:32 [INFO] border is disabled for HWND(0x204ee)
07:01:32 [INFO] border is disabled for HWND(0x1e0612)
07:02:47 [INFO] border is disabled for HWND(0x1e0612)
07:02:55 [INFO] border is disabled for HWND(0x1e0612)
07:03:10 [INFO] border is disabled for HWND(0x1e0612)
07:03:21 [INFO] border is disabled for HWND(0x1e0612)
07:03:30 [INFO] border is disabled for HWND(0x1e0612)
07:03:45 [INFO] border is disabled for HWND(0x1e0612)
07:04:18 [INFO] border is disabled for HWND(0x1e0612)
07:04:23 [INFO] border is disabled for HWND(0x1e0612)
07:04:26 [INFO] border is disabled for HWND(0x1e0612)
07:04:30 [INFO] border is disabled for HWND(0x1e0612)
07:04:33 [INFO] border is disabled for HWND(0x1e0612)
07:05:18 [INFO] border is disabled for HWND(0x10960)
07:05:19 [INFO] border is disabled for HWND(0x1e0612)
07:05:22 [INFO] border is disabled for HWND(0x1e0612)
07:05:40 [INFO] border is disabled for HWND(0x1e0612)
07:05:49 [INFO] border is disabled for HWND(0x1e0612)
07:05:57 [INFO] border is disabled for HWND(0x1e0612)
07:06:12 [INFO] border is disabled for HWND(0x1e0612)
07:06:24 [INFO] border is disabled for HWND(0x1e0612)
07:06:37 [INFO] border is disabled for HWND(0x1e0612)
07:07:59 [INFO] border is disabled for HWND(0x204ee)
07:07:59 [INFO] border is disabled for HWND(0x1e0612)
07:08:39 [INFO] border is disabled for HWND(0x1e0612)
07:08:42 [INFO] border is disabled for HWND(0x1e0612)
07:10:05 [INFO] border is disabled for HWND(0x1e0612)
07:10:07 [INFO] border is disabled for HWND(0x1e0612)
07:11:14 [INFO] border is disabled for HWND(0x1e0612)
07:11:33 [INFO] border is disabled for HWND(0x1e0612)
07:11:44 [INFO] border is disabled for HWND(0x1e0612)
07:12:02 [INFO] border is disabled for HWND(0x1e0612)
07:12:07 [INFO] border is disabled for HWND(0x1e0612)
07:12:20 [INFO] border is disabled for HWND(0x1e0612)
07:12:32 [INFO] border is disabled for HWND(0x1e0612)
07:12:48 [INFO] border is disabled for HWND(0x1e0612)
07:12:53 [INFO] border is disabled for HWND(0x1e0612)
07:13:15 [INFO] border is disabled for HWND(0x1e0612)
07:13:17 [INFO] border is disabled for HWND(0x1e0612)
07:13:32 [INFO] border is disabled for HWND(0x1e0612)
07:13:55 [INFO] border is disabled for HWND(0x1e0612)
07:15:27 [INFO] border is disabled for HWND(0x1e0612)
07:15:35 [INFO] border is disabled for HWND(0x1e0612)
07:16:21 [INFO] border is disabled for HWND(0x1e0612)
07:16:25 [INFO] border is disabled for HWND(0x1e0612)
07:16:28 [INFO] border is disabled for HWND(0x1e0612)
07:16:35 [INFO] border is disabled for HWND(0x1e0612)
07:16:45 [INFO] border is disabled for HWND(0x1e0612)
07:17:16 [INFO] border is disabled for HWND(0x1e0612)
07:17:36 [INFO] border is disabled for HWND(0x1e0612)
07:17:55 [INFO] border is disabled for HWND(0x1e0612)
07:18:12 [INFO] border is disabled for HWND(0x1e0612)
07:18:23 [INFO] border is disabled for HWND(0x1e0612)
07:18:27 [INFO] border is disabled for HWND(0x1e0612)
07:18:35 [INFO] border is disabled for HWND(0x1e0612)
07:18:48 [INFO] border is disabled for HWND(0x1e0612)
07:18:52 [INFO] border is disabled for HWND(0x1e0612)
07:18:59 [INFO] border is disabled for HWND(0x1e0612)
07:19:32 [ERROR] could not retrieve window corner preference: The handle is invalid. (0x80070006)
07:19:32 [ERROR] could not retrieve window corner preference: The handle is invalid. (0x80070006)
07:19:32 [ERROR] could not get window rect for HWND(0x3609aa): The handle is invalid. (0x80070006)
07:19:32 [ERROR] could not get window rect for HWND(0x60af6): The handle is invalid. (0x80070006)
07:19:39 [INFO] border is disabled for HWND(0x1e0612)
07:19:49 [INFO] border is disabled for HWND(0x1e0612)
07:19:54 [INFO] border is disabled for HWND(0x1e0612)
07:20:02 [INFO] border is disabled for HWND(0x1e0612)
07:20:10 [INFO] border is disabled for HWND(0x1e0612)
07:20:24 [INFO] border is disabled for HWND(0x1e0612)
07:20:30 [INFO] border is disabled for HWND(0x1e0612)
07:20:35 [INFO] border is disabled for HWND(0x1e0612)
07:20:39 [INFO] border is disabled for HWND(0x1e0612)
07:20:59 [INFO] border is disabled for HWND(0x1e0612)
07:22:20 [INFO] border is disabled for HWND(0x1e0612)
07:22:24 [INFO] border is disabled for HWND(0x1e0612)
07:22:27 [INFO] border is disabled for HWND(0x1e0612)
07:22:30 [INFO] border is disabled for HWND(0x1e0612)
07:22:37 [INFO] border is disabled for HWND(0x1e0612)
07:22:43 [INFO] border is disabled for HWND(0x204ee)
07:22:43 [INFO] border is disabled for HWND(0x1e0612)
07:23:46 [INFO] border is disabled for HWND(0x1e0612)
07:23:55 [INFO] border is disabled for HWND(0x1e0612)
07:24:02 [INFO] border is disabled for HWND(0x1e0612)
07:24:17 [INFO] border is disabled for HWND(0x1e0612)
07:24:22 [INFO] border is disabled for HWND(0x1e0612)
07:24:43 [INFO] border is disabled for HWND(0x1e0612)
07:24:51 [INFO] border is disabled for HWND(0x1e0612)
07:25:01 [INFO] border is disabled for HWND(0x1e0612)
07:25:06 [INFO] border is disabled for HWND(0x1e0612)
07:25:11 [INFO] border is disabled for HWND(0x1e0612)
07:26:08 [INFO] border is disabled for HWND(0x1e0612)
07:26:17 [INFO] border is disabled for HWND(0x1e0612)
07:26:29 [INFO] border is disabled for HWND(0x1e0612)
07:26:40 [INFO] border is disabled for HWND(0x1e0612)
07:26:58 [INFO] border is disabled for HWND(0x1e0612)
07:27:02 [INFO] border is disabled for HWND(0x1e0612)
07:28:04 [INFO] border is disabled for HWND(0x1e0612)
07:29:51 [INFO] border is disabled for HWND(0x1e0612)
07:29:55 [INFO] border is disabled for HWND(0x1e0612)
07:30:07 [INFO] border is disabled for HWND(0x1e0612)
07:30:16 [INFO] border is disabled for HWND(0x1e0612)
07:30:41 [INFO] border is disabled for HWND(0x1e0612)
07:30:47 [INFO] border is disabled for HWND(0x1e0612)
07:31:20 [INFO] border is disabled for HWND(0x1e0612)
07:31:48 [INFO] border is disabled for HWND(0x1e0612)
07:31:57 [INFO] border is disabled for HWND(0x1e0612)
07:32:11 [INFO] border is disabled for HWND(0x1e0612)
07:32:15 [INFO] border is disabled for HWND(0x1e0612)
07:32:20 [INFO] border is disabled for HWND(0x1e0612)
07:32:22 [INFO] border is disabled for HWND(0x1e0612)
07:32:29 [INFO] border is disabled for HWND(0x1e0612)
07:32:55 [INFO] border is disabled for HWND(0x1e0612)
07:34:03 [INFO] border is disabled for HWND(0x1e0612)
07:34:06 [INFO] border is disabled for HWND(0x1e0612)
07:34:16 [INFO] border is disabled for HWND(0x1e0612)
07:34:25 [INFO] border is disabled for HWND(0x1e0612)
07:34:40 [INFO] border is disabled for HWND(0x1e0612)
07:34:44 [INFO] border is disabled for HWND(0x1e0612)
07:34:52 [INFO] border is disabled for HWND(0x1e0612)
07:35:06 [INFO] border is disabled for HWND(0x1e0612)
07:35:10 [INFO] border is disabled for HWND(0x1e0612)
07:35:25 [INFO] border is disabled for HWND(0x1e0612)
07:36:24 [INFO] border is disabled for HWND(0x1e0612)
07:36:32 [INFO] border is disabled for HWND(0x1e0612)
07:36:36 [INFO] border is disabled for HWND(0x1e0612)
07:36:39 [INFO] border is disabled for HWND(0x1e0612)
07:36:55 [INFO] border is disabled for HWND(0x1e0612)
07:37:09 [INFO] border is disabled for HWND(0x1e0612)
07:37:14 [INFO] border is disabled for HWND(0x1e0612)
07:37:20 [INFO] border is disabled for HWND(0x1e0612)
07:37:22 [INFO] border is disabled for HWND(0x10206)
07:37:22 [INFO] border is disabled for HWND(0x20202)
07:38:18 [INFO] border is disabled for HWND(0x1e0612)
07:38:41 [INFO] border is disabled for HWND(0x1e0612)
07:38:44 [INFO] border is disabled for HWND(0xf00a4)
07:39:31 [INFO] border is disabled for HWND(0x1e0612)
07:39:37 [INFO] border is disabled for HWND(0x1e0612)
08:30:46 [INFO] border is disabled for HWND(0x40bb4)
08:30:54 [INFO] border is disabled for HWND(0x1e0612)
08:30:57 [INFO] border is disabled for HWND(0x1e0612)
08:31:07 [INFO] border is disabled for HWND(0x204ee)
08:31:09 [INFO] border is disabled for HWND(0x204ee)
08:31:37 [INFO] border is disabled for HWND(0x204ee)
08:32:15 [INFO] border is disabled for HWND(0x204ee)
08:32:24 [INFO] border is disabled for HWND(0x1e0612)
08:32:40 [INFO] border is disabled for HWND(0x1e0612)
08:32:52 [INFO] border is disabled for HWND(0x1e0612)
08:32:58 [INFO] border is disabled for HWND(0xf00a4)
08:32:59 [INFO] border is disabled for HWND(0xf0a90)
08:39:51 [INFO] border is disabled for HWND(0x10206)
08:39:51 [INFO] border is disabled for HWND(0x20202)
08:39:52 [INFO] border is disabled for HWND(0x10206)
08:39:52 [INFO] border is disabled for HWND(0x20202)
08:39:55 [INFO] border is disabled for HWND(0x10206)
08:39:55 [INFO] border is disabled for HWND(0x20202)
08:39:58 [INFO] border is disabled for HWND(0x10206)
08:39:58 [INFO] border is disabled for HWND(0x20202)
08:40:09 [INFO] border is disabled for HWND(0x1e0612)
08:40:23 [INFO] border is disabled for HWND(0x1e0612)
08:41:05 [INFO] border is disabled for HWND(0x10960)
08:41:08 [INFO] border is disabled for HWND(0x10960)
08:41:35 [INFO] border is disabled for HWND(0x1e0612)
08:41:56 [INFO] border is disabled for HWND(0x10960)
08:42:01 [INFO] border is disabled for HWND(0xd0bb2)
08:46:17 [INFO] border is disabled for HWND(0x1e0612)
08:46:23 [INFO] border is disabled for HWND(0x1e0612)
08:46:57 [INFO] border is disabled for HWND(0xf00a4)
08:47:34 [INFO] border is disabled for HWND(0x1e0612)
08:47:42 [INFO] border is disabled for HWND(0x1e0612)
08:47:52 [INFO] border is disabled for HWND(0x1e0612)
08:47:58 [INFO] border is disabled for HWND(0x1e0612)
08:48:10 [INFO] border is disabled for HWND(0x1e0612)
08:48:26 [INFO] border is disabled for HWND(0x1e0612)
08:48:28 [INFO] border is disabled for HWND(0x1e0612)
08:48:35 [INFO] border is disabled for HWND(0x1e0612)
08:48:49 [INFO] border is disabled for HWND(0x1e0612)
08:48:58 [INFO] border is disabled for HWND(0x1e0612)
08:49:25 [INFO] border is disabled for HWND(0x1e0612)
08:49:28 [INFO] border is disabled for HWND(0x1e0612)
08:50:12 [INFO] border is disabled for HWND(0x1e0612)
08:50:17 [INFO] border is disabled for HWND(0x1e0612)
08:50:26 [INFO] border is disabled for HWND(0x1e0612)
08:50:29 [INFO] border is disabled for HWND(0x1e0612)
08:50:35 [INFO] border is disabled for HWND(0x1e0612)
08:50:41 [INFO] border is disabled for HWND(0x1e0612)
08:51:43 [INFO] border is disabled for HWND(0x10960)
08:52:46 [INFO] border is disabled for HWND(0x1e0612)
08:53:05 [INFO] border is disabled for HWND(0x1e0612)
08:53:35 [INFO] border is disabled for HWND(0x1e0612)
08:53:39 [INFO] border is disabled for HWND(0x1e0612)
08:57:10 [INFO] border is disabled for HWND(0x1e0612)
08:57:49 [INFO] border is disabled for HWND(0x1e0612)
08:58:14 [INFO] border is disabled for HWND(0x1e0612)
08:59:08 [INFO] border is disabled for HWND(0x1e0612)
08:59:51 [INFO] border is disabled for HWND(0xf00a4)
09:00:01 [INFO] border is disabled for HWND(0x1e0612)
09:00:47 [INFO] border is disabled for HWND(0x1e0612)
09:00:51 [INFO] border is disabled for HWND(0x1e0612)
09:00:56 [INFO] border is disabled for HWND(0x1e0612)
09:01:01 [INFO] border is disabled for HWND(0x1e0612)
09:01:17 [INFO] border is disabled for HWND(0x1e0612)
09:01:30 [INFO] border is disabled for HWND(0x1e0612)
09:02:03 [INFO] border is disabled for HWND(0x1e0612)
09:02:12 [INFO] border is disabled for HWND(0x1e0612)
09:02:15 [INFO] border is disabled for HWND(0x1e0612)
09:03:22 [INFO] border is disabled for HWND(0x1e0612)
09:03:43 [INFO] border is disabled for HWND(0x1e0612)
09:03:57 [INFO] border is disabled for HWND(0x1e0612)
09:04:01 [INFO] border is disabled for HWND(0x1e0612)
09:04:36 [INFO] border is disabled for HWND(0x1e0612)
09:05:28 [INFO] border is disabled for HWND(0x1e0612)
09:05:39 [INFO] border is disabled for HWND(0x1e0612)
09:05:49 [INFO] border is disabled for HWND(0x1e0612)
09:06:07 [INFO] border is disabled for HWND(0x1e0612)
09:06:12 [INFO] border is disabled for HWND(0x1e0612)
09:06:20 [INFO] border is disabled for HWND(0x1e0612)
09:06:24 [INFO] border is disabled for HWND(0x1e0612)
09:06:26 [INFO] border is disabled for HWND(0x1e0612)
09:06:36 [INFO] border is disabled for HWND(0x1e0612)
09:06:51 [INFO] border is disabled for HWND(0x1e0612)
09:06:57 [INFO] border is disabled for HWND(0x1e0612)
09:07:01 [INFO] border is disabled for HWND(0x1e0612)
09:07:17 [INFO] border is disabled for HWND(0x1e0612)
09:07:58 [INFO] border is disabled for HWND(0x1e0612)
09:08:14 [INFO] border is disabled for HWND(0x1e0612)
09:08:21 [ERROR] could not retrieve window corner preference: The handle is invalid. (0x80070006)
09:08:21 [ERROR] could not get window rect for HWND(0x1d0bda): The handle is invalid. (0x80070006)
09:08:34 [INFO] border is disabled for HWND(0x1e0612)
09:08:53 [INFO] border is disabled for HWND(0x1e0612)
09:09:17 [INFO] border is disabled for HWND(0x1e0612)
09:09:30 [INFO] border is disabled for HWND(0x1e0612)
09:09:33 [INFO] border is disabled for HWND(0x1e0612)
09:09:48 [INFO] border is disabled for HWND(0x1e0612)
09:09:52 [ERROR] could not retrieve window corner preference: The handle is invalid. (0x80070006)
09:09:52 [ERROR] could not get window rect for HWND(0x210a82): The handle is invalid. (0x80070006)
09:09:55 [INFO] border is disabled for HWND(0x1e0612)
09:11:07 [INFO] border is disabled for HWND(0x1e0612)
09:11:25 [INFO] border is disabled for HWND(0x1e0612)
09:12:02 [INFO] border is disabled for HWND(0x1e0612)
09:12:05 [INFO] border is disabled for HWND(0x1e0612)
09:12:21 [INFO] border is disabled for HWND(0x1e0612)
09:12:23 [ERROR] could not retrieve window corner preference: The handle is invalid. (0x80070006)
09:12:24 [ERROR] could not get window rect for HWND(0x2c0c12): The handle is invalid. (0x80070006)
09:12:35 [INFO] border is disabled for HWND(0x1e0612)
09:13:33 [INFO] border is disabled for HWND(0x1e0612)
09:13:37 [INFO] border is disabled for HWND(0x1e0612)
09:13:50 [INFO] border is disabled for HWND(0x1e0612)
09:13:54 [ERROR] could not retrieve window corner preference: The handle is invalid. (0x80070006)
09:13:54 [ERROR] could not get window rect for HWND(0x2d0c12): The handle is invalid. (0x80070006)
09:14:07 [INFO] border is disabled for HWND(0x1e0612)
09:14:23 [INFO] border is disabled for HWND(0x1e0612)
09:15:04 [INFO] border is disabled for HWND(0x1e0612)
09:15:11 [INFO] border is disabled for HWND(0x1e0612)
09:16:30 [INFO] border is disabled for HWND(0x1e0612)
09:17:13 [INFO] border is disabled for HWND(0x1e0612)
09:17:27 [INFO] border is disabled for HWND(0x1e0612)
09:20:56 [INFO] border is disabled for HWND(0x1e0612)
09:21:00 [INFO] border is disabled for HWND(0x1e0612)
09:23:58 [INFO] border is disabled for HWND(0x1e0612)
09:24:02 [INFO] border is disabled for HWND(0x1e0612)
09:24:40 [INFO] border is disabled for HWND(0x1e0612)
09:24:44 [INFO] border is disabled for HWND(0x1e0612)
09:24:50 [INFO] border is disabled for HWND(0x1e0612)
09:25:35 [ERROR] could not retrieve window corner preference: The handle is invalid. (0x80070006)
09:25:35 [ERROR] could not get window rect for HWND(0x100b4a): The handle is invalid. (0x80070006)
09:25:42 [INFO] border is disabled for HWND(0x1e0612)
09:27:32 [INFO] border is disabled for HWND(0x1e0612)
09:27:35 [INFO] border is disabled for HWND(0x1e0612)
09:29:13 [INFO] border is disabled for HWND(0x10206)
09:29:13 [INFO] border is disabled for HWND(0x20202)
09:32:27 [INFO] border is disabled for HWND(0x1e0612)
09:32:41 [INFO] border is disabled for HWND(0x1e0612)
09:32:53 [INFO] border is disabled for HWND(0x1e0612)
09:33:22 [INFO] border is disabled for HWND(0xf00a4)
09:34:01 [INFO] border is disabled for HWND(0x1e0612)
09:34:07 [INFO] border is disabled for HWND(0x1e0612)
09:34:10 [INFO] border is disabled for HWND(0x1e0612)
09:34:14 [INFO] border is disabled for HWND(0x1e0612)
09:34:21 [ERROR] could not retrieve window corner preference: The handle is invalid. (0x80070006)
09:34:21 [ERROR] could not get window rect for HWND(0x100c16): The handle is invalid. (0x80070006)
09:34:50 [ERROR] could not retrieve window corner preference: The handle is invalid. (0x80070006)
09:34:51 [ERROR] could not get window rect for HWND(0x140c10): The handle is invalid. (0x80070006)
09:35:18 [INFO] border is disabled for HWND(0x204ee)
09:35:19 [INFO] border is disabled for HWND(0x10206)
09:35:19 [INFO] border is disabled for HWND(0x20202)
09:35:37 [INFO] border is disabled for HWND(0x1e0612)
09:35:45 [INFO] border is disabled for HWND(0xf00a4)
09:36:17 [INFO] border is disabled for HWND(0x1e0612)
09:36:20 [INFO] border is disabled for HWND(0xf00a4)
09:39:15 [INFO] border is disabled for HWND(0x1e0612)
09:39:56 [INFO] border is disabled for HWND(0xf00a4)
09:39:57 [INFO] border is disabled for HWND(0x1e0612)
09:42:24 [INFO] border is disabled for HWND(0x1e0612)
09:45:34 [INFO] border is disabled for HWND(0x1e0612)
09:45:36 [INFO] border is disabled for HWND(0x1e0612)
09:45:39 [INFO] border is disabled for HWND(0x1e0612)
09:46:19 [INFO] border is disabled for HWND(0x1e0612)
09:47:01 [INFO] border is disabled for HWND(0x1e0612)
09:48:06 [INFO] border is disabled for HWND(0x10206)
09:48:06 [INFO] border is disabled for HWND(0x20202)
09:48:31 [INFO] border is disabled for HWND(0x10206)
09:48:31 [INFO] border is disabled for HWND(0x20202)
09:48:46 [INFO] border is disabled for HWND(0x300b60)
09:49:25 [INFO] border is disabled for HWND(0x1e0612)
09:49:56 [INFO] border is disabled for HWND(0x1e0612)
09:50:02 [INFO] border is disabled for HWND(0x2b0b36)
09:50:06 [INFO] border is disabled for HWND(0x15090e)
09:50:20 [INFO] border is disabled for HWND(0xf00a4)
09:55:03 [INFO] border is disabled for HWND(0x1e0612)
09:55:20 [INFO] border is disabled for HWND(0x1e0612)
09:55:26 [INFO] border is disabled for HWND(0x1e0612)
09:57:35 [INFO] border is disabled for HWND(0x1e0612)
09:58:17 [INFO] border is disabled for HWND(0x1e0612)
09:58:19 [INFO] border is disabled for HWND(0x10960)
09:58:21 [INFO] border is disabled for HWND(0x10960)
09:58:25 [INFO] border is disabled for HWND(0x1e0612)
09:58:27 [INFO] border is disabled for HWND(0x10960)
09:58:28 [INFO] border is disabled for HWND(0x10960)
09:58:28 [INFO] border is disabled for HWND(0x10960)
09:58:29 [INFO] border is disabled for HWND(0x50994)
09:58:35 [INFO] border is disabled for HWND(0x60994)
09:58:36 [INFO] border is disabled for HWND(0x1e0612)
09:58:39 [INFO] border is disabled for HWND(0x10960)
09:59:09 [INFO] border is disabled for HWND(0x4108b4)
09:59:15 [INFO] border is disabled for HWND(0x4208b4)
09:59:36 [INFO] border is disabled for HWND(0x1e0612)
09:59:38 [INFO] border is disabled for HWND(0xf00a4)
09:59:56 [INFO] border is disabled for HWND(0x4408b4)
10:00:26 [INFO] border is disabled for HWND(0xb09ac)
10:02:02 [INFO] border is disabled for HWND(0x1e0612)
10:02:03 [INFO] border is disabled for HWND(0x260a52)
10:02:21 [INFO] border is disabled for HWND(0x4806cc)
10:02:30 [INFO] border is disabled for HWND(0x4906cc)
10:02:33 [INFO] border is disabled for HWND(0x1e0612)
10:03:18 [INFO] border is disabled for HWND(0x1e0612)
10:03:26 [INFO] border is disabled for HWND(0x1e0612)
10:03:39 [INFO] border is disabled for HWND(0x1e0612)
10:04:28 [INFO] border is disabled for HWND(0xf00a4)
10:05:30 [INFO] border is disabled for HWND(0x10960)
10:05:58 [INFO] border is disabled for HWND(0x1e0612)
10:06:09 [INFO] border is disabled for HWND(0x1e0612)
10:06:23 [INFO] border is disabled for HWND(0x1e0612)
10:06:32 [INFO] border is disabled for HWND(0x1e0612)
10:06:34 [INFO] border is disabled for HWND(0x1e0612)
10:06:43 [INFO] border is disabled for HWND(0x1e0612)
10:06:48 [INFO] border is disabled for HWND(0x1e0612)
10:06:50 [INFO] border is disabled for HWND(0x1e0612)
10:06:59 [INFO] border is disabled for HWND(0x1e0612)
10:07:05 [INFO] border is disabled for HWND(0x1e0612)
10:07:15 [INFO] border is disabled for HWND(0x1e0612)
10:07:18 [INFO] border is disabled for HWND(0x1e0612)
10:07:22 [INFO] border is disabled for HWND(0x1e0612)
10:07:24 [INFO] border is disabled for HWND(0x1e0612)
10:07:48 [INFO] border is disabled for HWND(0x1e0612)
10:07:56 [INFO] border is disabled for HWND(0x1e0612)
10:07:59 [INFO] border is disabled for HWND(0x1e0612)
10:08:15 [INFO] border is disabled for HWND(0x204ee)
10:08:22 [INFO] border is disabled for HWND(0x1e0612)
10:08:33 [INFO] border is disabled for HWND(0x1e0612)
10:08:38 [INFO] border is disabled for HWND(0x1e0612)
10:12:49 [INFO] border is disabled for HWND(0x204ee)
10:17:16 [INFO] border is disabled for HWND(0x1e0612)
10:17:44 [INFO] border is disabled for HWND(0x204ee)
10:17:44 [INFO] border is disabled for HWND(0x1e0612)
10:17:47 [INFO] border is disabled for HWND(0x10206)
10:17:47 [INFO] border is disabled for HWND(0x20202)
10:18:06 [INFO] border is disabled for HWND(0x1e0612)
10:18:12 [INFO] border is disabled for HWND(0x1e0612)
10:18:15 [INFO] border is disabled for HWND(0x1e0612)
10:18:21 [INFO] border is disabled for HWND(0x1e0612)
10:18:47 [INFO] border is disabled for HWND(0x1e0612)
10:19:29 [INFO] border is disabled for HWND(0x1e0612)
10:19:36 [INFO] border is disabled for HWND(0x1e0612)
10:19:56 [INFO] border is disabled for HWND(0x1e0612)
10:20:01 [INFO] border is disabled for HWND(0x1e0612)
10:20:08 [INFO] border is disabled for HWND(0x1e0612)
10:20:17 [INFO] border is disabled for HWND(0x1e0612)
10:20:25 [INFO] border is disabled for HWND(0x1e0612)
10:20:52 [INFO] border is disabled for HWND(0x1e0612)
10:21:28 [INFO] border is disabled for HWND(0x1e0612)
10:21:33 [INFO] border is disabled for HWND(0x1e0612)
10:21:41 [INFO] border is disabled for HWND(0x1e0612)
10:21:50 [INFO] border is disabled for HWND(0x1e0612)
10:21:56 [INFO] border is disabled for HWND(0x1e0612)
10:22:19 [INFO] border is disabled for HWND(0x1e0612)
10:22:26 [INFO] border is disabled for HWND(0x1e0612)
10:22:34 [INFO] border is disabled for HWND(0x1e0612)
10:22:49 [INFO] border is disabled for HWND(0x1e0612)
10:22:53 [INFO] border is disabled for HWND(0x1e0612)
10:23:01 [INFO] border is disabled for HWND(0x1e0612)
10:23:13 [INFO] border is disabled for HWND(0x1e0612)
10:23:43 [INFO] border is disabled for HWND(0x1e0612)
10:23:52 [INFO] border is disabled for HWND(0x1e0612)
10:24:01 [INFO] border is disabled for HWND(0x1e0612)
10:24:04 [INFO] border is disabled for HWND(0x1e0612)
10:24:10 [INFO] border is disabled for HWND(0x1e0612)
10:24:13 [INFO] border is disabled for HWND(0x1e0612)
10:24:33 [INFO] border is disabled for HWND(0x1e0612)
10:24:41 [INFO] border is disabled for HWND(0x1e0612)
10:24:49 [INFO] border is disabled for HWND(0x1e0612)
10:25:05 [INFO] border is disabled for HWND(0x1e0612)
10:25:08 [INFO] border is disabled for HWND(0x1e0612)
10:25:49 [INFO] border is disabled for HWND(0x1e0612)
10:25:57 [INFO] border is disabled for HWND(0x1e0612)
10:26:02 [INFO] border is disabled for HWND(0x1e0612)
10:26:07 [INFO] border is disabled for HWND(0x1e0612)
10:26:11 [INFO] border is disabled for HWND(0x1e0612)
10:26:18 [INFO] border is disabled for HWND(0x1e0612)
10:26:25 [INFO] border is disabled for HWND(0x1e0612)
10:27:02 [INFO] border is disabled for HWND(0x1e0612)
10:27:05 [INFO] border is disabled for HWND(0x1e0612)
10:28:02 [INFO] border is disabled for HWND(0x1e0612)
10:28:10 [INFO] border is disabled for HWND(0x1e0612)
10:28:38 [INFO] border is disabled for HWND(0x1e0612)
10:28:40 [INFO] border is disabled for HWND(0x10960)
10:29:09 [INFO] border is disabled for HWND(0x1e0612)
10:29:12 [INFO] border is disabled for HWND(0x10960)
10:29:27 [INFO] border is disabled for HWND(0x1e0612)
10:29:34 [INFO] border is disabled for HWND(0x1e0612)
10:29:52 [INFO] border is disabled for HWND(0x1e0612)
10:29:53 [INFO] border is disabled for HWND(0x10960)
10:30:08 [INFO] border is disabled for HWND(0x1e0612)
10:30:11 [INFO] border is disabled for HWND(0x1e0612)
10:30:30 [INFO] border is disabled for HWND(0x1e0612)
10:30:36 [INFO] border is disabled for HWND(0x1e0612)
10:30:43 [INFO] border is disabled for HWND(0x1e0612)
10:30:48 [INFO] border is disabled for HWND(0x1e0612)
10:30:57 [INFO] border is disabled for HWND(0x1e0612)
10:30:58 [INFO] border is disabled for HWND(0x10960)
10:31:06 [INFO] border is disabled for HWND(0x1e0612)
10:31:10 [INFO] border is disabled for HWND(0x1e0612)
10:31:13 [INFO] border is disabled for HWND(0x1e0612)
10:34:25 [INFO] border is disabled for HWND(0x70302)
10:36:23 [INFO] border is disabled for HWND(0xb0302)
10:36:39 [INFO] border is disabled for HWND(0x10960)
10:36:48 [INFO] border is disabled for HWND(0x10960)
10:36:57 [INFO] border is disabled for HWND(0xf00a4)
10:36:59 [INFO] border is disabled for HWND(0x1e0612)
10:37:11 [ERROR] could not retrieve window corner preference: The handle is invalid. (0x80070006)
10:37:11 [ERROR] could not get window rect for HWND(0x60988): The handle is invalid. (0x80070006)
10:37:25 [INFO] border is disabled for HWND(0x1e0612)
10:38:00 [INFO] border is disabled for HWND(0x1e0612)
10:38:04 [INFO] border is disabled for HWND(0x1e0612)
10:39:01 [INFO] border is disabled for HWND(0x1e0612)
10:39:03 [INFO] border is disabled for HWND(0x1e0612)
10:39:06 [INFO] border is disabled for HWND(0x10206)
10:39:06 [INFO] border is disabled for HWND(0x20202)
10:40:59 [INFO] border is disabled for HWND(0x1e0612)
10:41:02 [INFO] border is disabled for HWND(0x1e0612)
10:41:52 [INFO] border is disabled for HWND(0x3806e4)
10:43:07 [INFO] border is disabled for HWND(0x10960)
10:43:08 [INFO] border is disabled for HWND(0x10960)
10:44:48 [INFO] border is disabled for HWND(0x10960)
10:45:20 [INFO] border is disabled for HWND(0x610716)
10:45:22 [INFO] border is disabled for HWND(0x204ee)
10:45:39 [INFO] border is disabled for HWND(0x204ee)
10:45:57 [INFO] border is disabled for HWND(0x240c32)
10:45:59 [INFO] border is disabled for HWND(0x250c32)
10:46:24 [INFO] border is disabled for HWND(0x630716)
10:47:03 [INFO] border is disabled for HWND(0x640716)
10:47:04 [INFO] border is disabled for HWND(0x1e0612)
10:47:32 [INFO] border is disabled for HWND(0x1e0612)
10:47:47 [INFO] border is disabled for HWND(0x1e0612)
10:48:05 [INFO] border is disabled for HWND(0x1e0612)
10:48:08 [INFO] border is disabled for HWND(0x1e0612)
10:48:13 [INFO] border is disabled for HWND(0x1e0612)
10:48:53 [INFO] border is disabled for HWND(0x1e0612)
10:49:05 [INFO] border is disabled for HWND(0x1e0612)
10:49:45 [INFO] border is disabled for HWND(0x1e0612)
10:49:50 [INFO] border is disabled for HWND(0x1e0612)
10:50:10 [INFO] border is disabled for HWND(0x1e0612)
10:50:12 [INFO] border is disabled for HWND(0x10960)
10:50:18 [INFO] border is disabled for HWND(0x1e0612)
10:50:24 [INFO] border is disabled for HWND(0x1e0612)
10:50:31 [INFO] border is disabled for HWND(0x1e0612)
10:50:36 [INFO] border is disabled for HWND(0x1e0612)
10:50:54 [INFO] border is disabled for HWND(0x1e0612)
10:51:00 [INFO] border is disabled for HWND(0x1e0612)
10:51:07 [INFO] border is disabled for HWND(0x1e0612)
10:51:17 [INFO] border is disabled for HWND(0x1e0612)
10:51:20 [INFO] border is disabled for HWND(0x1e0612)
10:51:33 [INFO] border is disabled for HWND(0x1e0612)
10:51:49 [INFO] border is disabled for HWND(0x1e0612)
10:51:55 [INFO] border is disabled for HWND(0x1e0612)
10:52:10 [INFO] border is disabled for HWND(0x1e0612)
10:52:13 [INFO] border is disabled for HWND(0x1e0612)
10:52:19 [INFO] border is disabled for HWND(0x1e0612)
10:52:40 [INFO] border is disabled for HWND(0x1e0612)
11:02:10 [INFO] border is disabled for HWND(0x1e0612)
11:02:12 [INFO] border is disabled for HWND(0x10206)
11:02:12 [INFO] border is disabled for HWND(0x20202)
11:02:15 [INFO] border is disabled for HWND(0x1e0612)
11:02:43 [INFO] border is disabled for HWND(0x1e0612)
11:03:05 [INFO] border is disabled for HWND(0x1e0612)
11:03:12 [INFO] border is disabled for HWND(0x1e0612)
11:04:15 [INFO] border is disabled for HWND(0x1e0612)
11:05:07 [INFO] border is disabled for HWND(0x1e0612)
11:05:27 [INFO] border is disabled for HWND(0xf00a4)
11:05:30 [INFO] border is disabled for HWND(0x1e0612)
11:06:03 [INFO] border is disabled for HWND(0x1e0612)
11:06:04 [INFO] border is disabled for HWND(0x10960)
11:06:44 [INFO] border is disabled for HWND(0x10206)
11:06:44 [INFO] border is disabled for HWND(0x20202)
11:07:23 [INFO] border is disabled for HWND(0x1e0612)
11:09:28 [INFO] border is disabled for HWND(0x240ac0)
11:09:35 [INFO] border is disabled for HWND(0x10960)
11:11:00 [INFO] border is disabled for HWND(0x4209ae)
11:11:58 [INFO] border is disabled for HWND(0x4309ae)
11:13:13 [INFO] border is disabled for HWND(0x10960)
11:13:21 [INFO] border is disabled for HWND(0x10960)
11:13:57 [INFO] border is disabled for HWND(0x10960)
11:14:33 [INFO] border is disabled for HWND(0x204ee)
11:14:55 [INFO] border is disabled for HWND(0x1e0612)
11:14:56 [INFO] border is disabled for HWND(0x10960)
11:15:37 [INFO] border is disabled for HWND(0x1e0612)
11:15:39 [INFO] border is disabled for HWND(0x10960)
11:15:41 [INFO] border is disabled for HWND(0x2c0b8e)
11:16:47 [INFO] border is disabled for HWND(0x1e0612)
11:17:09 [INFO] border is disabled for HWND(0x1e0612)
11:17:48 [INFO] border is disabled for HWND(0x1e0612)
11:18:00 [INFO] border is disabled for HWND(0x1e0612)
11:19:13 [INFO] border is disabled for HWND(0x10960)
11:19:35 [INFO] border is disabled for HWND(0x1e0612)
11:19:37 [INFO] border is disabled for HWND(0x10960)
11:19:57 [INFO] border is disabled for HWND(0x2e0774)
11:20:45 [INFO] border is disabled for HWND(0x1e0612)
11:20:49 [INFO] border is disabled for HWND(0x1e0612)
11:21:31 [INFO] border is disabled for HWND(0x370b20)
11:22:43 [INFO] border is disabled for HWND(0x10960)
11:24:55 [INFO] border is disabled for HWND(0x10960)
11:25:46 [INFO] border is disabled for HWND(0x10206)
11:25:46 [INFO] border is disabled for HWND(0x20202)
11:25:57 [INFO] border is disabled for HWND(0x1e0612)
11:26:36 [INFO] border is disabled for HWND(0x1e0612)
11:27:51 [INFO] border is disabled for HWND(0x1e0612)
11:29:36 [INFO] border is disabled for HWND(0x10960)
11:29:51 [INFO] border is disabled for HWND(0x5606e4)
11:29:52 [INFO] border is disabled for HWND(0x10960)
11:29:54 [INFO] border is disabled for HWND(0x210be4)
11:29:56 [INFO] border is disabled for HWND(0x10960)
11:29:58 [INFO] border is disabled for HWND(0x220be4)
11:30:34 [INFO] border is disabled for HWND(0x410b20)
11:30:49 [INFO] border is disabled for HWND(0x1e0612)
11:31:32 [INFO] border is disabled for HWND(0x1e0612)
11:33:20 [INFO] border is disabled for HWND(0x204ee)
11:35:16 [INFO] border is disabled for HWND(0x1e0612)
11:35:19 [INFO] border is disabled for HWND(0x1e0612)
11:35:25 [INFO] border is disabled for HWND(0x10960)
11:36:11 [INFO] border is disabled for HWND(0x10960)
11:36:15 [INFO] border is disabled for HWND(0x2d08b6)
11:36:30 [INFO] border is disabled for HWND(0x10960)
11:36:32 [INFO] border is disabled for HWND(0x2e08b6)
11:36:40 [INFO] border is disabled for HWND(0x460200)
11:36:46 [INFO] border is disabled for HWND(0x1e0612)
11:37:06 [INFO] border is disabled for HWND(0x1e0612)
11:37:08 [INFO] border is disabled for HWND(0x1e0612)
11:37:12 [INFO] border is disabled for HWND(0x1e0612)
11:37:18 [INFO] border is disabled for HWND(0x1e0612)
11:37:20 [INFO] border is disabled for HWND(0x10960)
11:37:56 [INFO] border is disabled for HWND(0x1e0612)
11:37:58 [INFO] border is disabled for HWND(0x10960)
11:39:07 [INFO] border is disabled for HWND(0x1e0612)
11:39:15 [INFO] border is disabled for HWND(0x1e0612)
11:39:43 [INFO] border is disabled for HWND(0x1e0612)
11:39:45 [INFO] border is disabled for HWND(0x10960)
11:39:47 [INFO] border is disabled for HWND(0x3605da)
11:40:01 [INFO] border is disabled for HWND(0x290946)
11:40:29 [INFO] border is disabled for HWND(0x10960)
11:41:42 [INFO] border is disabled for HWND(0x10960)
11:41:43 [INFO] border is disabled for HWND(0x4d0200)
11:41:51 [INFO] border is disabled for HWND(0x4e0200)
11:41:55 [INFO] border is disabled for HWND(0x10960)
11:42:08 [INFO] border is disabled for HWND(0x10960)
11:42:50 [INFO] border is disabled for HWND(0x10206)
11:42:50 [INFO] border is disabled for HWND(0x20202)
11:42:51 [INFO] border is disabled for HWND(0x10960)
11:42:56 [INFO] border is disabled for HWND(0x410774)
11:43:27 [INFO] border is disabled for HWND(0x10960)
11:43:33 [INFO] border is disabled for HWND(0x970952)
11:43:50 [INFO] border is disabled for HWND(0x10960)
11:43:52 [INFO] border is disabled for HWND(0x980952)
11:44:04 [INFO] border is disabled for HWND(0x3e05da)
11:44:16 [INFO] border is disabled for HWND(0x10960)
11:46:24 [INFO] border is disabled for HWND(0x10960)
11:46:27 [INFO] border is disabled for HWND(0x10960)
11:46:56 [INFO] border is disabled for HWND(0x10960)
11:47:55 [INFO] border is disabled for HWND(0x1e0612)
11:54:37 [INFO] border is disabled for HWND(0x10960)
11:54:39 [INFO] border is disabled for HWND(0x10206)
11:54:39 [INFO] border is disabled for HWND(0x20202)
11:54:41 [INFO] border is disabled for HWND(0x1f09ea)
11:54:44 [INFO] border is disabled for HWND(0x750672)
11:54:46 [INFO] border is disabled for HWND(0x80c80)
11:54:51 [INFO] border is disabled for HWND(0x90cae)
11:54:54 [INFO] border is disabled for HWND(0x140cae)
11:55:10 [INFO] border is disabled for HWND(0x3a051c)
11:55:52 [INFO] border is disabled for HWND(0x10960)
11:55:54 [INFO] border is disabled for HWND(0x10960)
11:55:57 [INFO] border is disabled for HWND(0x10206)
11:55:57 [INFO] border is disabled for HWND(0x20202)
11:56:19 [INFO] border is disabled for HWND(0x10960)
11:56:47 [INFO] border is disabled for HWND(0x90b3c)
11:58:25 [INFO] border is disabled for HWND(0x4802d4)
11:59:08 [INFO] border is disabled for HWND(0x40ca0)
11:59:12 [INFO] border is disabled for HWND(0x10960)
11:59:23 [INFO] border is disabled for HWND(0x10960)
11:59:34 [INFO] border is disabled for HWND(0x10206)
11:59:34 [INFO] border is disabled for HWND(0x20202)
11:59:37 [INFO] border is disabled for HWND(0x1a0cac)
11:59:56 [INFO] border is disabled for HWND(0x9a0952)
11:59:59 [INFO] border is disabled for HWND(0x90c8c)
12:00:14 [INFO] border is disabled for HWND(0x10960)
12:02:41 [INFO] border is disabled for HWND(0xf00a4)
12:02:46 [INFO] border is disabled for HWND(0xc0a2e)
12:03:46 [INFO] border is disabled for HWND(0x92037e)
12:04:34 [INFO] border is disabled for HWND(0x100b3c)
12:04:38 [INFO] border is disabled for HWND(0x10206)
12:04:38 [INFO] border is disabled for HWND(0x20202)
12:04:40 [INFO] border is disabled for HWND(0x10206)
12:04:40 [INFO] border is disabled for HWND(0x20202)
12:04:45 [INFO] border is disabled for HWND(0x280c56)
12:06:23 [INFO] border is disabled for HWND(0x1e0612)
12:06:32 [INFO] border is disabled for HWND(0x1e0612)
12:06:35 [INFO] border is disabled for HWND(0xd0c86)
12:06:36 [INFO] border is disabled for HWND(0x1e0612)
12:07:20 [INFO] border is disabled for HWND(0x10960)
12:07:21 [INFO] border is disabled for HWND(0x1e0612)
12:07:50 [INFO] border is disabled for HWND(0x60cbe)
12:08:19 [INFO] border is disabled for HWND(0x70cbe)
12:08:22 [INFO] border is disabled for HWND(0x310c3c)
12:08:49 [INFO] border is disabled for HWND(0x110c1c)
12:09:28 [INFO] border is disabled for HWND(0x280ba6)
12:09:40 [INFO] border is disabled for HWND(0x10206)
12:09:40 [INFO] border is disabled for HWND(0x20202)
12:09:41 [INFO] border is disabled for HWND(0x10206)
12:09:41 [INFO] border is disabled for HWND(0x20202)
12:09:41 [INFO] border is disabled for HWND(0x10206)
12:09:41 [INFO] border is disabled for HWND(0x20202)
12:10:37 [INFO] border is disabled for HWND(0x3a0b30)
12:13:41 [INFO] border is disabled for HWND(0x10960)
12:13:50 [INFO] border is disabled for HWND(0x370c3c)
12:14:05 [INFO] border is disabled for HWND(0x160c1c)
12:14:13 [INFO] border is disabled for HWND(0x4e08b6)
12:14:28 [INFO] border is disabled for HWND(0x10960)
12:14:41 [INFO] border is disabled for HWND(0x10960)
12:14:47 [INFO] border is disabled for HWND(0x10206)
12:14:47 [INFO] border is disabled for HWND(0x20202)
12:14:49 [INFO] border is disabled for HWND(0x10960)
12:15:50 [INFO] border is disabled for HWND(0x10960)
12:16:17 [INFO] border is disabled for HWND(0x10960)
12:16:30 [INFO] border is disabled for HWND(0x450c12)
12:16:49 [INFO] border is disabled for HWND(0xf00a4)
12:16:51 [INFO] border is disabled for HWND(0x2e0ba6)
12:16:53 [INFO] border is disabled for HWND(0x10960)
12:17:25 [INFO] border is disabled for HWND(0x1703d6)
12:17:41 [INFO] border is disabled for HWND(0xf00a4)
12:18:38 [INFO] border is disabled for HWND(0x3e0c3c)
12:18:55 [INFO] border is disabled for HWND(0x35006c)
12:19:38 [INFO] border is disabled for HWND(0x3b0946)
12:20:25 [INFO] border is disabled for HWND(0x3c006c)
12:21:00 [INFO] border is disabled for HWND(0x3d006c)
12:22:06 [INFO] border is disabled for HWND(0x230a78)
12:22:19 [INFO] border is disabled for HWND(0x440c3c)
12:22:48 [INFO] border is disabled for HWND(0x460c3c)
12:22:52 [INFO] border is disabled for HWND(0x260a78)
12:23:23 [INFO] border is disabled for HWND(0x40006c)
12:23:26 [INFO] border is disabled for HWND(0x41006c)
12:23:34 [INFO] border is disabled for HWND(0x50ca8)
12:24:13 [INFO] border is disabled for HWND(0x10960)
12:25:09 [INFO] border is disabled for HWND(0xf00a4)
12:26:00 [INFO] border is disabled for HWND(0x10960)
12:26:32 [INFO] border is disabled for HWND(0x10960)
12:26:34 [INFO] border is disabled for HWND(0x280868)
12:27:24 [INFO] border is disabled for HWND(0x10960)
12:27:50 [INFO] border is disabled for HWND(0x10960)
12:27:51 [INFO] border is disabled for HWND(0x290868)
12:28:04 [INFO] border is disabled for HWND(0x1d0778)
12:28:34 [INFO] border is disabled for HWND(0x10960)
12:29:16 [INFO] border is disabled for HWND(0x10960)
12:29:54 [INFO] border is disabled for HWND(0x10960)
12:30:19 [INFO] border is disabled for HWND(0x2b0a0a)
12:30:26 [INFO] border is disabled for HWND(0x2c0a0a)
12:30:36 [INFO] border is disabled for HWND(0x2200fe)
12:30:38 [INFO] border is disabled for HWND(0x2300fe)
12:30:44 [INFO] border is disabled for HWND(0x2400fe)
12:30:50 [INFO] border is disabled for HWND(0x10960)
12:31:13 [INFO] border is disabled for HWND(0x10960)
12:31:14 [INFO] border is disabled for HWND(0x33092e)
12:31:20 [INFO] border is disabled for HWND(0x34092e)
12:31:52 [INFO] border is disabled for HWND(0x10960)
12:32:13 [INFO] border is disabled for HWND(0x10960)
12:32:18 [INFO] border is disabled for HWND(0x35092e)
12:32:26 [INFO] border is disabled for HWND(0x36092e)
12:32:46 [INFO] border is disabled for HWND(0x204ee)
12:32:54 [INFO] border is disabled for HWND(0x10960)
12:33:54 [INFO] border is disabled for HWND(0xd0a14)
12:33:55 [INFO] border is disabled for HWND(0x10960)
12:33:58 [INFO] border is disabled for HWND(0x2109a2)
12:34:05 [INFO] border is disabled for HWND(0x2209a2)
12:34:24 [INFO] border is disabled for HWND(0x10960)
12:34:35 [INFO] border is disabled for HWND(0x10206)
12:34:35 [INFO] border is disabled for HWND(0x20202)
12:34:35 [INFO] border is disabled for HWND(0x10960)
12:34:44 [INFO] border is disabled for HWND(0x2006fe)
12:34:59 [INFO] border is disabled for HWND(0x10960)
12:35:05 [INFO] border is disabled for HWND(0x10960)
12:35:08 [INFO] border is disabled for HWND(0xf00a4)
12:37:51 [INFO] border is disabled for HWND(0x10960)
12:39:23 [INFO] border is disabled for HWND(0x10960)
12:41:32 [INFO] border is disabled for HWND(0x10960)
12:42:59 [INFO] border is disabled for HWND(0x10960)
12:43:41 [INFO] border is disabled for HWND(0x10960)
12:47:27 [INFO] border is disabled for HWND(0x47092e)
12:47:37 [INFO] border is disabled for HWND(0x10206)
12:47:37 [INFO] border is disabled for HWND(0x20202)
12:47:38 [INFO] border is disabled for HWND(0x10206)
12:47:38 [INFO] border is disabled for HWND(0x20202)
12:47:40 [INFO] border is disabled for HWND(0x10206)
12:47:40 [INFO] border is disabled for HWND(0x20202)
12:47:42 [INFO] border is disabled for HWND(0xf00a4)
13:02:59 [INFO] border is disabled for HWND(0x40bb4)
13:03:22 [INFO] border is disabled for HWND(0xf00a4)
13:03:22 [INFO] border is disabled for HWND(0x10206)
13:03:22 [INFO] border is disabled for HWND(0x20202)
13:03:24 [INFO] border is disabled for HWND(0x10206)
13:03:24 [INFO] border is disabled for HWND(0x20202)
13:03:34 [INFO] border is disabled for HWND(0x1f0730)
13:03:55 [INFO] border is disabled for HWND(0x280c68)
13:10:15 [INFO] border is disabled for HWND(0xf00a4)
13:10:29 [INFO] border is disabled for HWND(0xf00a4)
13:12:06 [INFO] border is disabled for HWND(0x204ee)
13:12:07 [INFO] border is disabled for HWND(0x10206)
13:12:07 [INFO] border is disabled for HWND(0x20202)
13:12:50 [INFO] border is disabled for HWND(0x2b0aac)
13:12:53 [INFO] border is disabled for HWND(0x2c0aac)
13:13:05 [INFO] border is disabled for HWND(0x3809c4)
13:19:15 [INFO] border is disabled for HWND(0x1c0864)
13:19:17 [INFO] border is disabled for HWND(0xf0c54)
13:19:18 [INFO] border is disabled for HWND(0x100c54)
13:19:34 [INFO] border is disabled for HWND(0x280cde)
13:21:09 [INFO] border is disabled for HWND(0x2c0ba8)
13:21:48 [INFO] border is disabled for HWND(0x10206)
13:21:48 [INFO] border is disabled for HWND(0x20202)
13:21:49 [INFO] border is disabled for HWND(0x1e0612)
13:21:53 [INFO] border is disabled for HWND(0x3d0ba6)
13:22:01 [INFO] border is disabled for HWND(0x1e0612)
13:22:03 [INFO] border is disabled for HWND(0x10960)
13:23:43 [INFO] border is disabled for HWND(0x1e0612)
13:24:00 [INFO] border is disabled for HWND(0x10960)
13:24:01 [INFO] border is disabled for HWND(0x10960)
13:24:02 [INFO] border is disabled for HWND(0x1e0612)
13:24:21 [INFO] border is disabled for HWND(0x1e0612)
13:24:27 [INFO] border is disabled for HWND(0x1e0612)
13:25:38 [INFO] border is disabled for HWND(0x2b017c)
13:25:41 [INFO] border is disabled for HWND(0x2c017c)
13:25:43 [INFO] border is disabled for HWND(0xf00a4)
13:29:57 [INFO] border is disabled for HWND(0x40cda)
13:30:09 [INFO] border is disabled for HWND(0x6c006c)
13:32:59 [INFO] border is disabled for HWND(0x9f0716)
13:33:16 [INFO] border is disabled for HWND(0x10960)
13:33:18 [INFO] border is disabled for HWND(0x2d06fe)
13:33:35 [INFO] border is disabled for HWND(0x10960)
13:33:48 [INFO] border is disabled for HWND(0x10960)
13:33:52 [INFO] border is disabled for HWND(0x10960)
13:34:00 [INFO] border is disabled for HWND(0x2e06fe)
13:35:28 [INFO] border is disabled for HWND(0x34017c)
13:35:34 [INFO] border is disabled for HWND(0x180a16)
13:35:50 [INFO] border is disabled for HWND(0x3406fe)
13:43:19 [INFO] border is disabled for HWND(0x204ee)
13:43:24 [INFO] border is disabled for HWND(0x204ee)
13:43:59 [INFO] border is disabled for HWND(0x204ee)
13:44:01 [INFO] border is disabled for HWND(0x10206)
13:44:01 [INFO] border is disabled for HWND(0x20202)
13:44:09 [INFO] border is disabled for HWND(0x2609c0)
13:45:15 [INFO] border is disabled for HWND(0x4506fe)
13:46:02 [INFO] border is disabled for HWND(0x570b56)
13:46:10 [INFO] border is disabled for HWND(0x10960)
13:46:23 [INFO] border is disabled for HWND(0xb09f2)
13:46:33 [INFO] border is disabled for HWND(0x490b20)
13:47:25 [INFO] border is disabled for HWND(0x204ee)
13:48:04 [INFO] border is disabled for HWND(0x204ee)
13:48:18 [INFO] border is disabled for HWND(0xf00a4)
13:48:44 [INFO] border is disabled for HWND(0x204ee)
13:57:02 [INFO] border is disabled for HWND(0x330bce)
13:57:04 [INFO] border is disabled for HWND(0x340bce)
13:57:45 [INFO] border is disabled for HWND(0x80006c)
14:00:08 [INFO] border is disabled for HWND(0xf00a4)
14:01:33 [INFO] border is disabled for HWND(0x660836)
14:01:52 [INFO] border is disabled for HWND(0x10960)
14:02:47 [INFO] border is disabled for HWND(0x190afe)
14:02:50 [INFO] border is disabled for HWND(0x1a0afe)
14:03:02 [INFO] border is disabled for HWND(0x85006c)
14:03:05 [INFO] border is disabled for HWND(0x86006c)
14:03:09 [INFO] border is disabled for HWND(0x87006c)
14:03:13 [INFO] border is disabled for HWND(0x6b0836)
14:03:23 [INFO] border is disabled for HWND(0x10960)
14:04:32 [INFO] border is disabled for HWND(0x10960)
14:04:55 [INFO] border is disabled for HWND(0x10960)
14:05:04 [INFO] border is disabled for HWND(0x1e0612)
14:05:17 [INFO] border is disabled for HWND(0x1e0612)
14:06:11 [INFO] border is disabled for HWND(0x1e0612)
14:06:26 [INFO] border is disabled for HWND(0x1e0612)
14:07:25 [INFO] border is disabled for HWND(0x1e0612)
14:08:02 [INFO] border is disabled for HWND(0x1e0612)
14:11:30 [INFO] border is disabled for HWND(0x10206)
14:11:30 [INFO] border is disabled for HWND(0x20202)
14:12:40 [INFO] border is disabled for HWND(0x204ee)
14:12:45 [INFO] border is disabled for HWND(0x1009e2)
14:14:05 [INFO] border is disabled for HWND(0x560230)
14:14:34 [INFO] border is disabled for HWND(0x10960)
14:17:11 [INFO] border is disabled for HWND(0x10206)
14:17:11 [INFO] border is disabled for HWND(0x20202)
14:20:27 [INFO] border is disabled for HWND(0x6809dc)
14:23:24 [INFO] border is disabled for HWND(0x10206)
14:23:24 [INFO] border is disabled for HWND(0x20202)
14:24:16 [INFO] border is disabled for HWND(0x1e0612)
14:24:24 [INFO] border is disabled for HWND(0x1e0612)
14:25:21 [INFO] border is disabled for HWND(0xf00a4)
14:25:44 [INFO] border is disabled for HWND(0x12c0848)
14:28:22 [INFO] border is disabled for HWND(0x1e0612)
14:28:25 [INFO] border is disabled for HWND(0x1e0612)
14:30:22 [INFO] border is disabled for HWND(0x10960)
14:30:27 [INFO] border is disabled for HWND(0x204ee)
14:30:35 [INFO] border is disabled for HWND(0xf00a4)
14:30:36 [INFO] border is disabled for HWND(0x10206)
14:30:36 [INFO] border is disabled for HWND(0x20202)
14:32:22 [INFO] border is disabled for HWND(0x150a8a)
14:32:31 [INFO] border is disabled for HWND(0x1e0612)
14:32:36 [INFO] border is disabled for HWND(0x1e0612)
14:32:43 [INFO] border is disabled for HWND(0x1e0612)
14:32:47 [INFO] border is disabled for HWND(0x1e0612)
14:32:55 [INFO] border is disabled for HWND(0x1e0612)
14:33:01 [INFO] border is disabled for HWND(0x1e0612)
14:33:45 [INFO] border is disabled for HWND(0x10206)
14:33:45 [INFO] border is disabled for HWND(0x20202)
14:34:23 [INFO] border is disabled for HWND(0x500ae4)
14:34:26 [INFO] border is disabled for HWND(0x510ae4)
14:34:28 [INFO] border is disabled for HWND(0x1e0612)
14:34:45 [INFO] border is disabled for HWND(0x1e0612)
14:34:48 [INFO] border is disabled for HWND(0x10206)
14:34:48 [INFO] border is disabled for HWND(0x20202)
14:36:05 [INFO] border is disabled for HWND(0x1e0612)
14:36:23 [INFO] border is disabled for HWND(0x5e0778)
14:37:02 [INFO] border is disabled for HWND(0x1e0612)
14:37:05 [INFO] border is disabled for HWND(0x1e0612)
14:37:35 [INFO] border is disabled for HWND(0x1e0612)
14:37:41 [INFO] border is disabled for HWND(0x1e0612)
14:37:47 [INFO] border is disabled for HWND(0x1e0612)
14:38:28 [INFO] border is disabled for HWND(0xf00a4)
14:38:59 [INFO] border is disabled for HWND(0x1e0612)
14:39:02 [INFO] border is disabled for HWND(0x1e0612)
14:39:18 [INFO] border is disabled for HWND(0x1e0612)
14:39:21 [INFO] border is disabled for HWND(0x1e0612)
14:44:40 [INFO] border is disabled for HWND(0x1e0612)
14:44:44 [INFO] border is disabled for HWND(0x1e0612)
14:44:46 [INFO] border is disabled for HWND(0x1e0612)
14:44:53 [INFO] border is disabled for HWND(0x1e0612)
14:45:14 [INFO] border is disabled for HWND(0x1e0612)
14:45:22 [INFO] border is disabled for HWND(0x26084c)
14:45:53 [INFO] border is disabled for HWND(0x27084c)
14:46:16 [INFO] border is disabled for HWND(0x210a8a)
14:46:38 [INFO] border is disabled for HWND(0x1e0612)
14:46:47 [INFO] border is disabled for HWND(0x250a8a)
14:49:02 [INFO] border is disabled for HWND(0x1e0612)
14:51:22 [INFO] border is disabled for HWND(0x1e0612)
14:51:34 [INFO] border is disabled for HWND(0x1e0612)
14:51:40 [INFO] border is disabled for HWND(0x1e0612)
14:51:51 [INFO] border is disabled for HWND(0x1e0612)
14:51:56 [INFO] border is disabled for HWND(0x1e0612)
14:52:00 [INFO] border is disabled for HWND(0x1e0612)
14:53:43 [INFO] border is disabled for HWND(0x350a8a)
14:55:27 [INFO] border is disabled for HWND(0x1e0612)
14:55:49 [INFO] border is disabled for HWND(0x590a2a)
14:55:55 [INFO] border is disabled for HWND(0x5a0a2a)
14:56:19 [INFO] border is disabled for HWND(0x5b0a2a)
14:58:10 [INFO] border is disabled for HWND(0x5c0a2a)
14:58:23 [INFO] border is disabled for HWND(0x290864)
15:03:40 [INFO] border is disabled for HWND(0x10960)
15:05:45 [INFO] border is disabled for HWND(0x72096e)
15:09:50 [INFO] border is disabled for HWND(0xf00a4)
15:09:55 [INFO] border is disabled for HWND(0x4d07ec)
15:09:57 [INFO] border is disabled for HWND(0x4e07ec)
15:10:31 [INFO] border is disabled for HWND(0xf00a4)
15:10:47 [INFO] border is disabled for HWND(0x47081c)
15:10:48 [INFO] border is disabled for HWND(0x48081c)
15:20:28 [INFO] border is disabled for HWND(0x204ee)
15:24:03 [INFO] border is disabled for HWND(0x204ee)
15:25:04 [INFO] border is disabled for HWND(0x204ee)
15:25:05 [INFO] border is disabled for HWND(0x204ee)
15:25:06 [INFO] border is disabled for HWND(0x204ee)
15:25:13 [INFO] border is disabled for HWND(0x10206)
15:25:13 [INFO] border is disabled for HWND(0x20202)
15:25:17 [INFO] border is disabled for HWND(0x10206)
15:25:17 [INFO] border is disabled for HWND(0x20202)
15:25:20 [INFO] border is disabled for HWND(0xf0052)
15:25:42 [INFO] border is disabled for HWND(0xf00a4)
15:25:44 [INFO] border is disabled for HWND(0x2009d2)
15:33:05 [INFO] border is disabled for HWND(0x430a6a)
15:33:13 [INFO] border is disabled for HWND(0x40bb4)
16:29:37 [INFO] border is disabled for HWND(0x40bb4)
16:29:50 [INFO] border is disabled for HWND(0x750838)
16:29:52 [INFO] border is disabled for HWND(0x10206)
16:29:52 [INFO] border is disabled for HWND(0x20202)
16:29:54 [INFO] border is disabled for HWND(0x1d0aae)
16:30:32 [INFO] border is disabled for HWND(0x300988)
16:30:37 [INFO] border is disabled for HWND(0x1e0612)
16:30:38 [INFO] border is disabled for HWND(0x204ee)
16:31:11 [INFO] border is disabled for HWND(0x1e0612)
16:34:18 [INFO] border is disabled for HWND(0x10206)
16:34:18 [INFO] border is disabled for HWND(0x20202)
16:35:30 [INFO] border is disabled for HWND(0x2a0bb2)
16:39:36 [INFO] border is disabled for HWND(0x10206)
16:39:36 [INFO] border is disabled for HWND(0x20202)
16:39:42 [INFO] border is disabled for HWND(0x4a0a62)
16:39:53 [INFO] border is disabled for HWND(0x1e0612)
16:45:58 [INFO] border is disabled for HWND(0x204ee)
16:47:25 [INFO] border is disabled for HWND(0x1e0612)
16:47:41 [INFO] border is disabled for HWND(0x1e0612)
16:48:22 [ERROR] could not retrieve window corner preference: The handle is invalid. (0x80070006)
16:48:22 [ERROR] could not get window rect for HWND(0x660774): The handle is invalid. (0x80070006)
16:48:32 [ERROR] could not retrieve window corner preference: The handle is invalid. (0x80070006)
16:48:32 [ERROR] could not get window rect for HWND(0x2b0cd4): The handle is invalid. (0x80070006)
16:48:41 [INFO] border is disabled for HWND(0x1e0612)
16:48:48 [INFO] border is disabled for HWND(0x204ee)
16:52:02 [INFO] border is disabled for HWND(0x4505d8)
16:52:15 [INFO] border is disabled for HWND(0x4605d8)
16:52:15 [INFO] border is disabled for HWND(0x4705d8)
16:52:39 [INFO] border is disabled for HWND(0x1e0612)
16:52:40 [INFO] border is disabled for HWND(0x10206)
16:52:40 [INFO] border is disabled for HWND(0x20202)
16:52:44 [INFO] border is disabled for HWND(0x1e0612)
16:52:45 [INFO] border is disabled for HWND(0x1e0b14)
16:52:48 [INFO] border is disabled for HWND(0x1e0612)
16:52:49 [INFO] border is disabled for HWND(0x30da0)
16:53:42 [INFO] border is disabled for HWND(0x1e0612)
16:54:23 [INFO] border is disabled for HWND(0x1107e8)
16:56:10 [INFO] border is disabled for HWND(0x80d9a)
16:56:20 [INFO] border is disabled for HWND(0x38094a)
16:56:59 [INFO] border is disabled for HWND(0xb0d9a)
16:57:00 [INFO] border is disabled for HWND(0x1e0612)
16:57:01 [INFO] border is disabled for HWND(0xf00a4)
16:59:05 [INFO] border is disabled for HWND(0x204ee)
16:59:14 [INFO] border is disabled for HWND(0x90758)
17:01:11 [INFO] border is disabled for HWND(0x1d0adc)
17:02:38 [INFO] border is disabled for HWND(0xf00a4)
17:03:56 [INFO] border is disabled for HWND(0x220adc)
17:04:01 [INFO] border is disabled for HWND(0x10960)
17:05:23 [INFO] border is disabled for HWND(0x10960)
17:07:17 [INFO] border is disabled for HWND(0xf00a4)
17:07:50 [INFO] border is disabled for HWND(0x10960)
17:07:52 [INFO] border is disabled for HWND(0x10960)
17:07:53 [INFO] border is disabled for HWND(0x6a0b9c)
17:07:59 [INFO] border is disabled for HWND(0x10960)
17:13:15 [INFO] border is disabled for HWND(0x610782)
17:13:21 [INFO] border is disabled for HWND(0x1b0d8c)
17:13:24 [INFO] border is disabled for HWND(0x1c0d8c)
17:13:25 [INFO] border is disabled for HWND(0x1d0d8c)
17:14:19 [INFO] border is disabled for HWND(0x4d0caa)
17:14:20 [INFO] border is disabled for HWND(0x450bee)
17:23:26 [INFO] border is disabled for HWND(0x1e0612)
17:23:49 [INFO] border is disabled for HWND(0x1e0612)
17:23:55 [INFO] border is disabled for HWND(0x1e0612)
17:24:11 [INFO] border is disabled for HWND(0x1e0612)
17:28:18 [INFO] border is disabled for HWND(0x1e0612)
17:32:55 [INFO] border is disabled for HWND(0x204ee)
17:37:51 [INFO] border is disabled for HWND(0x1e0612)
17:38:05 [INFO] border is disabled for HWND(0x1e0612)
17:43:47 [INFO] border is disabled for HWND(0x1e0612)
17:44:19 [INFO] border is disabled for HWND(0x1e0612)
17:44:51 [INFO] border is disabled for HWND(0x1e0612)
17:50:57 [INFO] border is disabled for HWND(0x1c0c64)
17:51:03 [INFO] border is disabled for HWND(0x1d0c64)
17:52:58 [INFO] border is disabled for HWND(0x1e0612)
17:53:06 [INFO] border is disabled for HWND(0x1e0612)
17:53:24 [INFO] border is disabled for HWND(0x1e0612)
17:53:36 [INFO] border is disabled for HWND(0x1e0612)
17:53:44 [INFO] border is disabled for HWND(0x1e0612)
17:54:00 [INFO] border is disabled for HWND(0x1e0612)
17:54:01 [INFO] border is disabled for HWND(0x204ee)
17:54:22 [INFO] border is disabled for HWND(0x1e0612)
17:54:39 [INFO] border is disabled for HWND(0x1e0612)
17:54:46 [INFO] border is disabled for HWND(0x1e0612)
17:54:56 [INFO] border is disabled for HWND(0x1e0612)
17:55:09 [INFO] border is disabled for HWND(0x1e0612)
17:55:40 [INFO] border is disabled for HWND(0x1e0612)
17:55:52 [INFO] border is disabled for HWND(0x1e0612)
17:57:02 [INFO] border is disabled for HWND(0xf00a4)
18:35:23 [INFO] border is disabled for HWND(0x440d2c)
18:35:50 [INFO] border is disabled for HWND(0xe0056)
18:41:07 [INFO] border is disabled for HWND(0x1b074a)
18:41:23 [INFO] border is disabled for HWND(0x1e0612)
18:41:59 [INFO] border is disabled for HWND(0x1e0612)
18:44:54 [INFO] border is disabled for HWND(0x1e0612)
18:45:08 [INFO] border is disabled for HWND(0x200c4a)
18:45:10 [INFO] border is disabled for HWND(0x1e0612)
18:45:44 [INFO] border is disabled for HWND(0x40bb4)
04:28:44 [INFO] border is disabled for HWND(0x40bb4)
05:08:50 [INFO] border is disabled for HWND(0x10206)
05:08:50 [INFO] border is disabled for HWND(0x20202)
05:08:52 [INFO] border is disabled for HWND(0x1e0612)
05:09:35 [INFO] border is disabled for HWND(0x37086c)
05:12:45 [INFO] border is disabled for HWND(0x10206)
05:12:45 [INFO] border is disabled for HWND(0x20202)
05:12:59 [INFO] border is disabled for HWND(0xc0a5c)
05:13:03 [INFO] border is disabled for HWND(0x10206)
05:13:03 [INFO] border is disabled for HWND(0x20202)
05:14:46 [INFO] border is disabled for HWND(0x1f011e)
05:14:52 [INFO] border is disabled for HWND(0xf00a4)
05:15:10 [INFO] border is disabled for HWND(0x5f0664)
05:15:12 [INFO] border is disabled for HWND(0x10206)
05:15:12 [INFO] border is disabled for HWND(0x20202)
05:15:13 [INFO] border is disabled for HWND(0x10206)
05:15:13 [INFO] border is disabled for HWND(0x20202)
05:15:18 [INFO] border is disabled for HWND(0x1a0b88)
05:15:22 [INFO] border is disabled for HWND(0x180320)
05:15:22 [INFO] border is disabled for HWND(0x190320)
05:22:36 [INFO] border is disabled for HWND(0xf00a4)
05:23:48 [INFO] border is disabled for HWND(0x10206)
05:23:48 [INFO] border is disabled for HWND(0x20202)
05:27:58 [INFO] border is disabled for HWND(0x10206)
05:27:58 [INFO] border is disabled for HWND(0x20202)
05:28:00 [INFO] border is disabled for HWND(0x10206)
05:28:01 [INFO] border is disabled for HWND(0x10206)
05:28:01 [INFO] border is disabled for HWND(0x20202)
05:28:15 [INFO] border is disabled for HWND(0xd0dfe)
05:30:09 [INFO] border is disabled for HWND(0x10206)
05:30:09 [INFO] border is disabled for HWND(0x20202)
05:31:48 [INFO] border is disabled for HWND(0xf00a4)
05:38:01 [INFO] border is disabled for HWND(0xd0dee)
05:46:39 [INFO] border is disabled for HWND(0x5d0dce)
05:49:40 [INFO] border is disabled for HWND(0x204ee)
05:50:33 [INFO] border is disabled for HWND(0xf00a4)
05:55:37 [INFO] border is disabled for HWND(0xf00a4)
05:55:58 [INFO] border is disabled for HWND(0x1b0934)
05:56:25 [INFO] border is disabled for HWND(0x4a0dd2)
05:58:11 [INFO] border is disabled for HWND(0x106081a)
06:05:01 [INFO] border is disabled for HWND(0x204ee)
06:09:41 [INFO] border is disabled for HWND(0xf00a4)
06:09:46 [INFO] border is disabled for HWND(0x6e065a)
06:09:47 [INFO] border is disabled for HWND(0x6f065a)
06:09:57 [INFO] border is disabled for HWND(0x4b0900)
12:20:00 [INFO] border is disabled for HWND(0x4b0900)
12:20:07 [INFO] border is disabled for HWND(0x204ee)
12:20:07 [INFO] border is disabled for HWND(0x204ee)
12:20:24 [INFO] border is disabled for HWND(0x10206)
12:20:24 [INFO] border is disabled for HWND(0x20202)
12:20:31 [INFO] border is disabled for HWND(0x90758)
12:21:00 [INFO] border is disabled for HWND(0x10206)
12:21:00 [INFO] border is disabled for HWND(0x20202)
12:21:02 [INFO] border is disabled for HWND(0x10206)
12:21:02 [INFO] border is disabled for HWND(0x20202)
12:21:03 [INFO] border is disabled for HWND(0x10206)
12:21:03 [INFO] border is disabled for HWND(0x20202)
12:21:03 [INFO] border is disabled for HWND(0x10206)
12:21:03 [INFO] border is disabled for HWND(0x20202)
12:21:04 [INFO] border is disabled for HWND(0x10206)
12:21:04 [INFO] border is disabled for HWND(0x20202)
12:21:38 [INFO] border is disabled for HWND(0x10206)
12:21:38 [INFO] border is disabled for HWND(0x20202)
12:21:40 [INFO] border is disabled for HWND(0x1e0612)
12:21:42 [INFO] border is disabled for HWND(0xe704a0)
12:22:30 [INFO] border is disabled for HWND(0x10206)
12:22:30 [INFO] border is disabled for HWND(0x20202)
12:23:04 [INFO] border is disabled for HWND(0x10206)
12:23:04 [INFO] border is disabled for HWND(0x20202)
12:28:07 [INFO] border is disabled for HWND(0x10206)
12:28:07 [INFO] border is disabled for HWND(0x20202)
12:28:26 [INFO] border is disabled for HWND(0x204ee)
12:35:56 [ERROR] could not get window rect for HWND(0x2f0e56): The handle is invalid. (0x80070006)
12:35:56 [ERROR] could not get window rect for HWND(0x2f0e56): The handle is invalid. (0x80070006)
12:35:57 [ERROR] could not get window rect for HWND(0x230cc0): The handle is invalid. (0x80070006)
12:35:57 [ERROR] could not get window rect for HWND(0x230cc0): The handle is invalid. (0x80070006)
12:35:57 [ERROR] could not get window rect for HWND(0x68062c): The handle is invalid. (0x80070006)
12:35:57 [ERROR] could not get window rect for HWND(0x6706ec): The handle is invalid. (0x80070006)
12:35:58 [ERROR] could not get window rect for HWND(0x6a062c): The handle is invalid. (0x80070006)
12:35:58 [ERROR] could not get window rect for HWND(0x6a062c): The handle is invalid. (0x80070006)
12:36:00 [ERROR] could not get window rect for HWND(0x140d70): The handle is invalid. (0x80070006)
12:36:00 [ERROR] could not get window rect for HWND(0x140d70): The handle is invalid. (0x80070006)
12:36:00 [ERROR] could not get window rect for HWND(0x6c062c): The handle is invalid. (0x80070006)
12:36:00 [ERROR] could not get window rect for HWND(0x6c062c): The handle is invalid. (0x80070006)
12:36:01 [ERROR] could not get window rect for HWND(0x6a06ec): The handle is invalid. (0x80070006)
12:36:01 [ERROR] could not get window rect for HWND(0x6a06ec): The handle is invalid. (0x80070006)
12:36:01 [ERROR] could not get window rect for HWND(0x6e062c): The handle is invalid. (0x80070006)
12:36:01 [ERROR] could not get window rect for HWND(0x6e062c): The handle is invalid. (0x80070006)
12:36:01 [ERROR] could not get window rect for HWND(0x6c06ec): The handle is invalid. (0x80070006)
12:36:01 [ERROR] could not get window rect for HWND(0x6c06ec): The handle is invalid. (0x80070006)
12:36:02 [ERROR] could not get window rect for HWND(0x70062c): The handle is invalid. (0x80070006)
12:36:02 [ERROR] could not get window rect for HWND(0x70062c): The handle is invalid. (0x80070006)
12:36:05 [ERROR] could not get window rect for HWND(0x250cc0): The handle is invalid. (0x80070006)
12:36:05 [ERROR] could not get window rect for HWND(0x250cc0): The handle is invalid. (0x80070006)
12:36:06 [ERROR] could not get window rect for HWND(0x330e56): The handle is invalid. (0x80070006)
12:36:06 [ERROR] could not get window rect for HWND(0x330e56): The handle is invalid. (0x80070006)
12:36:06 [ERROR] could not get window rect for HWND(0x270cc0): The handle is invalid. (0x80070006)
12:36:06 [ERROR] could not get window rect for HWND(0x270cc0): The handle is invalid. (0x80070006)
12:36:06 [ERROR] could not get window rect for HWND(0x350e56): The handle is invalid. (0x80070006)
12:36:06 [ERROR] could not get window rect for HWND(0x350e56): The handle is invalid. (0x80070006)
12:36:07 [ERROR] could not get window rect for HWND(0x290cc0): The handle is invalid. (0x80070006)
12:36:07 [ERROR] could not get window rect for HWND(0x290cc0): The handle is invalid. (0x80070006)
12:36:07 [ERROR] could not get window rect for HWND(0x370e56): The handle is invalid. (0x80070006)
12:36:07 [ERROR] could not get window rect for HWND(0x370e56): The handle is invalid. (0x80070006)
12:36:10 [ERROR] could not get window rect for HWND(0x2c0cc0): The handle is invalid. (0x80070006)
12:36:10 [ERROR] could not get window rect for HWND(0x2c0cc0): The handle is invalid. (0x80070006)
12:36:12 [ERROR] could not get window rect for HWND(0x2d0cc0): The handle is invalid. (0x80070006)
12:36:12 [ERROR] could not get window rect for HWND(0x2d0cc0): The handle is invalid. (0x80070006)
12:43:20 [INFO] border is disabled for HWND(0x5d08e0)
12:59:41 [INFO] border is disabled for HWND(0x204ee)
13:01:01 [INFO] border is disabled for HWND(0x45086c)
13:02:05 [INFO] border is disabled for HWND(0x530b72)
13:04:01 [INFO] border is disabled for HWND(0x530b72)
13:07:29 [INFO] border is disabled for HWND(0x10206)
13:07:29 [INFO] border is disabled for HWND(0x20202)
13:07:56 [INFO] border is disabled for HWND(0x4905ec)
13:08:03 [INFO] border is disabled for HWND(0x1e0612)
13:10:00 [INFO] border is disabled for HWND(0xf00a4)
13:10:36 [INFO] border is disabled for HWND(0x2a0af4)
13:10:39 [INFO] border is disabled for HWND(0x1e0612)
13:11:18 [INFO] border is disabled for HWND(0x1e0612)
13:12:46 [INFO] border is disabled for HWND(0x10206)
13:12:46 [INFO] border is disabled for HWND(0x20202)
13:13:03 [INFO] border is disabled for HWND(0x2b071e)
13:14:27 [INFO] border is disabled for HWND(0x260a58)
13:14:36 [INFO] border is disabled for HWND(0x10206)
13:14:36 [INFO] border is disabled for HWND(0x20202)
13:15:20 [INFO] border is disabled for HWND(0x6d06f8)
13:15:32 [INFO] border is disabled for HWND(0x2f0c9c)
13:15:32 [INFO] border is disabled for HWND(0x300c9c)
13:20:54 [INFO] border is disabled for HWND(0x10206)
13:20:54 [INFO] border is disabled for HWND(0x20202)
13:21:17 [ERROR] could not get window rect for HWND(0xa307f8): The handle is invalid. (0x80070006)
13:21:19 [ERROR] could not get window rect for HWND(0xa405dc): The handle is invalid. (0x80070006)
13:21:19 [ERROR] could not get window rect for HWND(0xa705dc): The handle is invalid. (0x80070006)
13:21:20 [ERROR] could not get window rect for HWND(0x2c0c64): The handle is invalid. (0x80070006)
13:24:03 [INFO] border is disabled for HWND(0x250c62)
13:24:06 [INFO] border is disabled for HWND(0x470b1a)
13:26:42 [INFO] border is disabled for HWND(0x1e0612)
13:27:00 [INFO] border is disabled for HWND(0x1e0612)
13:27:35 [INFO] border is disabled for HWND(0x49012e)
13:27:36 [INFO] border is disabled for HWND(0x4a012e)
13:27:47 [INFO] border is disabled for HWND(0xf00a4)
13:28:50 [INFO] border is disabled for HWND(0x1e0612)
13:29:52 [INFO] border is disabled for HWND(0x1e0612)
13:32:44 [INFO] border is disabled for HWND(0x10960)
13:32:44 [INFO] border is disabled for HWND(0x1e0612)
13:39:13 [INFO] border is disabled for HWND(0x3a0882)
13:39:15 [INFO] border is disabled for HWND(0x470050)
13:41:03 [INFO] border is disabled for HWND(0x3a0e4a)
13:41:05 [INFO] border is disabled for HWND(0x1e0612)
13:45:38 [INFO] border is disabled for HWND(0x10206)
13:45:38 [INFO] border is disabled for HWND(0x20202)
13:46:12 [INFO] border is disabled for HWND(0x220682)
16:46:52 [INFO] border is disabled for HWND(0x3e07b0)
16:49:50 [INFO] border is disabled for HWND(0x3506d4)
16:51:40 [INFO] border is disabled for HWND(0x290852)
16:55:18 [INFO] border is disabled for HWND(0x290852)
17:00:58 [INFO] border is disabled for HWND(0x290852)
17:02:02 [INFO] border is disabled for HWND(0x290852)
04:50:59 [INFO] border is disabled for HWND(0x290852)
04:51:22 [INFO] border is disabled for HWND(0x204ee)
04:51:38 [INFO] border is disabled for HWND(0x10206)
04:51:38 [INFO] border is disabled for HWND(0x20202)
04:54:54 [INFO] border is disabled for HWND(0x10206)
04:54:54 [INFO] border is disabled for HWND(0x20202)
04:54:58 [INFO] border is disabled for HWND(0x10206)
04:54:58 [INFO] border is disabled for HWND(0x20202)
04:54:59 [INFO] border is disabled for HWND(0x10206)
04:54:59 [INFO] border is disabled for HWND(0x20202)
04:55:10 [INFO] border is disabled for HWND(0x400c8c)
04:55:36 [INFO] border is disabled for HWND(0x62098a)
04:58:58 [INFO] border is disabled for HWND(0x10206)
04:58:58 [INFO] border is disabled for HWND(0x20202)
04:59:00 [INFO] border is disabled for HWND(0x10206)
04:59:00 [INFO] border is disabled for HWND(0x20202)
04:59:01 [INFO] border is disabled for HWND(0x10206)
04:59:01 [INFO] border is disabled for HWND(0x20202)
04:59:03 [INFO] border is disabled for HWND(0xf00a4)
04:59:05 [INFO] border is disabled for HWND(0xf00a4)
04:59:06 [INFO] border is disabled for HWND(0x10206)
04:59:06 [INFO] border is disabled for HWND(0x20202)
04:59:06 [INFO] border is disabled for HWND(0xf00a4)
04:59:07 [INFO] border is disabled for HWND(0x10960)
05:02:44 [INFO] border is disabled for HWND(0x560bca)
05:04:36 [INFO] border is disabled for HWND(0xf00a4)
05:08:55 [INFO] border is disabled for HWND(0xf00a4)
05:10:14 [INFO] border is disabled for HWND(0xf00a4)
05:20:53 [INFO] border is disabled for HWND(0x360852)
05:24:00 [INFO] border is disabled for HWND(0xf00a4)
05:31:30 [INFO] border is disabled for HWND(0x10206)
05:31:30 [INFO] border is disabled for HWND(0x20202)
05:39:22 [INFO] border is disabled for HWND(0x10206)
05:39:22 [INFO] border is disabled for HWND(0x20202)
05:39:26 [INFO] border is disabled for HWND(0x5a075e)
05:39:44 [INFO] border is disabled for HWND(0xf00a4)
05:39:46 [INFO] border is disabled for HWND(0x4a035e)
05:40:43 [INFO] border is disabled for HWND(0xf00a4)
05:40:50 [ERROR] could not set window position for HWND(0x5a0b4c): Access is denied. (0x80070005)
05:40:50 [ERROR] could not set window position for HWND(0x5a0b4c): Access is denied. (0x80070005)
05:40:50 [ERROR] could not set window position for HWND(0x5a0b4c): Access is denied. (0x80070005)
05:41:11 [ERROR] could not set window position for HWND(0x260d68): Access is denied. (0x80070005)
05:41:11 [ERROR] could not set window position for HWND(0x260d68): Access is denied. (0x80070005)
05:41:11 [ERROR] could not set window position for HWND(0x740a7e): Access is denied. (0x80070005)
05:41:11 [ERROR] could not set window position for HWND(0x740a7e): Access is denied. (0x80070005)
05:41:18 [ERROR] could not set window position for HWND(0x4809be): Access is denied. (0x80070005)
05:41:18 [ERROR] could not set window position for HWND(0x4809be): Access is denied. (0x80070005)
05:41:23 [ERROR] could not set window position for HWND(0x4b02fa): Access is denied. (0x80070005)
05:41:23 [ERROR] could not set window position for HWND(0x4b02fa): Access is denied. (0x80070005)
05:41:25 [ERROR] could not set window position for HWND(0x6f0812): Access is denied. (0x80070005)
05:41:25 [ERROR] could not set window position for HWND(0x6f0812): Access is denied. (0x80070005)
05:41:58 [ERROR] could not set window position for HWND(0x300a56): Access is denied. (0x80070005)
05:41:58 [ERROR] could not set window position for HWND(0x300a56): Access is denied. (0x80070005)
05:41:58 [ERROR] could not set window position for HWND(0x300a56): Access is denied. (0x80070005)
05:42:00 [ERROR] could not set window position for HWND(0x620e56): Access is denied. (0x80070005)
05:42:00 [ERROR] could not set window position for HWND(0x620e56): Access is denied. (0x80070005)
05:42:00 [ERROR] could not set window position for HWND(0x620e56): Access is denied. (0x80070005)
05:42:24 [ERROR] could not set window position for HWND(0xe0d48): Access is denied. (0x80070005)
05:42:24 [ERROR] could not set window position for HWND(0xe0d48): Access is denied. (0x80070005)
05:42:24 [ERROR] could not set window position for HWND(0xe0d48): Access is denied. (0x80070005)
05:42:29 [ERROR] could not set window position for HWND(0x3809ba): Access is denied. (0x80070005)
05:42:29 [ERROR] could not set window position for HWND(0x3809ba): Access is denied. (0x80070005)
05:42:29 [ERROR] could not set window position for HWND(0x3809ba): Access is denied. (0x80070005)
05:43:44 [ERROR] could not set window position for HWND(0x730e26): Access is denied. (0x80070005)
05:43:44 [ERROR] could not set window position for HWND(0x730e26): Access is denied. (0x80070005)
05:43:44 [ERROR] could not set window position for HWND(0x730e26): Access is denied. (0x80070005)
05:43:54 [ERROR] could not set window position for HWND(0x740e26): Access is denied. (0x80070005)
05:43:54 [ERROR] could not set window position for HWND(0x740e26): Access is denied. (0x80070005)
05:43:54 [ERROR] could not set window position for HWND(0x740e26): Access is denied. (0x80070005)
05:44:14 [INFO] border is disabled for HWND(0x10960)
05:44:26 [ERROR] could not set window position for HWND(0x410c62): Access is denied. (0x80070005)
05:44:26 [ERROR] could not get window rect for HWND(0x7c08f2): The handle is invalid. (0x80070006)
05:44:27 [ERROR] could not get window rect for HWND(0x3707ac): The handle is invalid. (0x80070006)
05:44:27 [ERROR] could not get window rect for HWND(0x7d0a12): The handle is invalid. (0x80070006)
05:44:27 [ERROR] could not get window rect for HWND(0xa1096e): The handle is invalid. (0x80070006)
05:44:27 [ERROR] could not get window rect for HWND(0x3907ac): The handle is invalid. (0x80070006)
05:44:27 [ERROR] could not get window rect for HWND(0x560254): The handle is invalid. (0x80070006)
05:44:27 [ERROR] could not get window rect for HWND(0xa3096e): The handle is invalid. (0x80070006)
05:44:27 [ERROR] could not get window rect for HWND(0x3b07ac): The handle is invalid. (0x80070006)
05:44:27 [ERROR] could not get window rect for HWND(0x580254): The handle is invalid. (0x80070006)
05:44:28 [ERROR] could not get window rect for HWND(0xa5096e): The handle is invalid. (0x80070006)
05:44:28 [ERROR] could not get window rect for HWND(0x3d07ac): The handle is invalid. (0x80070006)
05:44:28 [ERROR] could not get window rect for HWND(0x5a0254): The handle is invalid. (0x80070006)
05:44:28 [ERROR] could not get window rect for HWND(0xa7096e): The handle is invalid. (0x80070006)
05:44:28 [ERROR] could not get window rect for HWND(0x8908f2): The handle is invalid. (0x80070006)
05:44:28 [ERROR] could not get window rect for HWND(0x5c0254): The handle is invalid. (0x80070006)
05:44:28 [ERROR] could not get window rect for HWND(0x4007ac): The handle is invalid. (0x80070006)
05:44:28 [ERROR] could not get window rect for HWND(0x8b08f2): The handle is invalid. (0x80070006)
05:44:28 [ERROR] could not get window rect for HWND(0x5e0254): The handle is invalid. (0x80070006)
05:44:29 [ERROR] could not get window rect for HWND(0x4207ac): The handle is invalid. (0x80070006)
05:44:29 [ERROR] could not get window rect for HWND(0x8d08f2): The handle is invalid. (0x80070006)
05:44:29 [ERROR] could not get window rect for HWND(0x600254): The handle is invalid. (0x80070006)
05:44:29 [ERROR] could not get window rect for HWND(0x570c62): The handle is invalid. (0x80070006)
05:44:31 [ERROR] could not set window position for HWND(0xb2096e): Access is denied. (0x80070005)
05:44:33 [ERROR] could not get window rect for HWND(0x350816): The handle is invalid. (0x80070006)
05:44:35 [ERROR] could not set window position for HWND(0x7c0e56): Access is denied. (0x80070005)
05:44:44 [ERROR] could not set window position for HWND(0x1b0bc6): Access is denied. (0x80070005)
05:44:46 [ERROR] could not set window position for HWND(0x930a12): Access is denied. (0x80070005)
05:44:50 [ERROR] could not set window position for HWND(0x940a12): Access is denied. (0x80070005)
05:44:50 [ERROR] could not set window position for HWND(0x940a12): Access is denied. (0x80070005)
05:44:57 [ERROR] could not set window position for HWND(0x210bc6): Access is denied. (0x80070005)
05:44:57 [ERROR] could not set window position for HWND(0x210bc6): Access is denied. (0x80070005)
05:45:57 [INFO] border is disabled for HWND(0x10206)
05:45:57 [INFO] border is disabled for HWND(0x20202)
05:47:02 [INFO] border is disabled for HWND(0xf00a4)
05:49:51 [INFO] border is disabled for HWND(0x10206)
05:49:51 [INFO] border is disabled for HWND(0x20202)
05:50:14 [INFO] border is disabled for HWND(0xf00a4)
05:59:12 [INFO] border is disabled for HWND(0x10206)
05:59:12 [INFO] border is disabled for HWND(0x20202)
05:59:14 [INFO] border is disabled for HWND(0x10206)
05:59:15 [INFO] border is disabled for HWND(0x10206)
05:59:15 [INFO] border is disabled for HWND(0x20202)
05:59:16 [INFO] border is disabled for HWND(0x10206)
05:59:16 [INFO] border is disabled for HWND(0x20202)
06:01:37 [INFO] border is disabled for HWND(0x1e0612)
06:01:57 [INFO] border is disabled for HWND(0x3209e0)
06:02:07 [INFO] border is disabled for HWND(0x4b0306)
06:03:30 [INFO] border is disabled for HWND(0x4b0a16)
06:03:31 [INFO] border is disabled for HWND(0x1e0612)
06:03:54 [INFO] border is disabled for HWND(0x570558)
06:04:23 [INFO] border is disabled for HWND(0x820b66)
06:04:26 [INFO] border is disabled for HWND(0xf00a4)
06:05:20 [INFO] border is disabled for HWND(0x5a0558)
06:05:38 [INFO] border is disabled for HWND(0xa80a12)
06:05:46 [INFO] border is disabled for HWND(0x1e0612)
06:10:43 [INFO] border is disabled for HWND(0x10206)
06:10:43 [INFO] border is disabled for HWND(0x20202)
06:10:50 [INFO] border is disabled for HWND(0xf00a4)
06:11:20 [INFO] border is disabled for HWND(0xf00a4)
06:12:03 [INFO] border is disabled for HWND(0xf00a4)
06:12:22 [INFO] border is disabled for HWND(0xf00a4)
06:13:05 [INFO] border is disabled for HWND(0xf00a4)
06:13:18 [INFO] border is disabled for HWND(0xf00a4)
06:15:27 [INFO] border is disabled for HWND(0x10206)
06:15:27 [INFO] border is disabled for HWND(0x20202)
06:15:35 [INFO] border is disabled for HWND(0x10206)
06:15:35 [INFO] border is disabled for HWND(0x20202)
06:15:38 [INFO] border is disabled for HWND(0x10206)
06:15:38 [INFO] border is disabled for HWND(0x20202)
06:15:40 [INFO] border is disabled for HWND(0x10206)
06:15:40 [INFO] border is disabled for HWND(0x20202)
06:15:40 [INFO] border is disabled for HWND(0x10206)
06:15:40 [INFO] border is disabled for HWND(0x20202)
06:15:46 [INFO] border is disabled for HWND(0x10206)
06:15:46 [INFO] border is disabled for HWND(0x20202)
06:15:49 [INFO] border is disabled for HWND(0x10206)
06:15:49 [INFO] border is disabled for HWND(0x20202)
06:15:52 [INFO] border is disabled for HWND(0xb60a6e)
06:16:36 [INFO] border is disabled for HWND(0x10960)
06:21:21 [INFO] border is disabled for HWND(0xf00a4)
06:21:52 [INFO] border is disabled for HWND(0x9208ee)
06:24:11 [INFO] border is disabled for HWND(0xf00a4)
06:24:18 [INFO] border is disabled for HWND(0x204ee)
06:30:49 [INFO] border is disabled for HWND(0x820922)
06:31:10 [INFO] border is disabled for HWND(0xf50306)
06:36:39 [INFO] border is disabled for HWND(0xe10a16)
06:37:27 [INFO] border is disabled for HWND(0xb408a2)
06:38:10 [INFO] border is disabled for HWND(0x10206)
06:38:10 [INFO] border is disabled for HWND(0x20202)
06:46:17 [INFO] border is disabled for HWND(0x8b0bda)
06:47:53 [INFO] border is disabled for HWND(0x10960)
06:49:36 [INFO] border is disabled for HWND(0xf00a4)
06:51:16 [INFO] border is disabled for HWND(0x10206)
06:51:16 [INFO] border is disabled for HWND(0x20202)
06:51:21 [INFO] border is disabled for HWND(0x10206)
06:51:21 [INFO] border is disabled for HWND(0x20202)
06:51:23 [INFO] border is disabled for HWND(0xf00a4)
06:51:57 [INFO] border is disabled for HWND(0x10206)
06:51:57 [INFO] border is disabled for HWND(0x20202)
06:52:00 [INFO] border is disabled for HWND(0x10206)
06:52:00 [INFO] border is disabled for HWND(0x20202)
06:52:14 [INFO] border is disabled for HWND(0x20e98)
06:54:24 [INFO] border is disabled for HWND(0x650a6a)
06:54:25 [INFO] border is disabled for HWND(0x660a6a)
06:54:26 [INFO] border is disabled for HWND(0x670a6a)
06:54:45 [INFO] border is disabled for HWND(0x10960)
06:54:53 [INFO] border is disabled for HWND(0x4c09e6)
06:55:15 [INFO] border is disabled for HWND(0x760a8e)
06:59:03 [INFO] border is disabled for HWND(0x204ee)
06:59:12 [INFO] border is disabled for HWND(0x10206)
06:59:12 [INFO] border is disabled for HWND(0x20202)
06:59:38 [INFO] border is disabled for HWND(0x90758)
06:59:50 [INFO] border is disabled for HWND(0x400b7c)
06:59:53 [INFO] border is disabled for HWND(0x350bc6)
07:00:34 [INFO] border is disabled for HWND(0x8f0c26)
07:00:45 [INFO] border is disabled for HWND(0x10206)
07:00:45 [INFO] border is disabled for HWND(0x20202)
07:00:48 [INFO] border is disabled for HWND(0x10206)
07:00:48 [INFO] border is disabled for HWND(0x20202)
07:02:00 [INFO] border is disabled for HWND(0x204ee)
07:06:47 [INFO] border is disabled for HWND(0x204ee)
08:42:25 [INFO] border is disabled for HWND(0x204ee)
08:42:26 [INFO] border is disabled for HWND(0x2c0b5e)
08:44:07 [INFO] border is disabled for HWND(0x10206)
08:44:07 [INFO] border is disabled for HWND(0x20202)
08:45:14 [INFO] border is disabled for HWND(0x610cda)
08:45:43 [INFO] border is disabled for HWND(0x600bc6)
08:46:37 [INFO] border is disabled for HWND(0x5c0dc0)
08:50:47 [INFO] border is disabled for HWND(0x10206)
08:50:47 [INFO] border is disabled for HWND(0x20202)
08:51:15 [INFO] border is disabled for HWND(0x950d42)
08:53:24 [INFO] border is disabled for HWND(0x1e0612)
08:55:48 [INFO] border is disabled for HWND(0x204ee)
08:55:50 [INFO] border is disabled for HWND(0x1e0612)
08:55:54 [INFO] border is disabled for HWND(0x1e0612)
08:59:57 [INFO] border is disabled for HWND(0x10960)
08:59:59 [INFO] border is disabled for HWND(0x10960)
09:06:00 [INFO] border is disabled for HWND(0x2c0b5e)
09:13:56 [INFO] border is disabled for HWND(0x204ee)
09:23:06 [INFO] border is disabled for HWND(0xf00a4)
09:23:49 [INFO] border is disabled for HWND(0x960aca)
09:24:07 [INFO] border is disabled for HWND(0xf00a4)
09:25:25 [INFO] border is disabled for HWND(0xa60bda)
09:25:59 [INFO] border is disabled for HWND(0xf00a4)
09:28:47 [INFO] border is disabled for HWND(0x1e0612)
09:49:44 [INFO] border is disabled for HWND(0x440d94)
09:49:59 [INFO] border is disabled for HWND(0xf00a4)
10:12:28 [INFO] border is disabled for HWND(0x5d0aec)
10:13:53 [INFO] border is disabled for HWND(0x10206)
10:13:53 [INFO] border is disabled for HWND(0x20202)
10:14:06 [INFO] border is disabled for HWND(0x10206)
10:14:06 [INFO] border is disabled for HWND(0x20202)
10:15:17 [INFO] border is disabled for HWND(0x159081a)
10:16:52 [INFO] border is disabled for HWND(0x10206)
10:16:52 [INFO] border is disabled for HWND(0x20202)
10:16:57 [INFO] border is disabled for HWND(0x900c10)
10:17:14 [INFO] border is disabled for HWND(0x10206)
10:17:14 [INFO] border is disabled for HWND(0x20202)
10:17:54 [INFO] border is disabled for HWND(0x750c98)
10:18:23 [INFO] border is disabled for HWND(0x3d032e)
10:20:30 [INFO] border is disabled for HWND(0x5d0cee)
10:20:35 [INFO] border is disabled for HWND(0x5e0cee)
10:21:31 [INFO] border is disabled for HWND(0x450bc2)
10:30:49 [INFO] border is disabled for HWND(0x204ee)
10:31:26 [INFO] border is disabled for HWND(0x204ee)
10:34:49 [INFO] border is disabled for HWND(0x10206)
10:34:49 [INFO] border is disabled for HWND(0x20202)
10:35:30 [INFO] border is disabled for HWND(0x280646)
10:35:31 [INFO] border is disabled for HWND(0x290646)
10:36:12 [INFO] border is disabled for HWND(0x10206)
10:36:12 [INFO] border is disabled for HWND(0x20202)
10:36:16 [INFO] border is disabled for HWND(0x470bde)
10:36:21 [INFO] border is disabled for HWND(0x2d0a4c)
10:36:22 [INFO] border is disabled for HWND(0xaf0b08)
10:36:23 [INFO] border is disabled for HWND(0x250624)
10:36:25 [INFO] border is disabled for HWND(0xc80b96)
10:36:31 [INFO] border is disabled for HWND(0x22c0a76)
10:36:32 [INFO] border is disabled for HWND(0x10206)
10:36:32 [INFO] border is disabled for HWND(0x20202)
10:36:36 [INFO] border is disabled for HWND(0xfd09bc)
10:36:39 [INFO] border is disabled for HWND(0x680a3a)
10:36:48 [INFO] border is disabled for HWND(0x990ac8)
10:37:49 [INFO] border is disabled for HWND(0x6a0d5e)
10:39:11 [INFO] border is disabled for HWND(0x870b86)
10:39:47 [INFO] border is disabled for HWND(0x410d02)
10:40:52 [INFO] border is disabled for HWND(0x430d02)
10:41:58 [INFO] border is disabled for HWND(0xf60b92)
10:42:00 [INFO] border is disabled for HWND(0xf70b92)
10:42:47 [INFO] border is disabled for HWND(0x3805cc)
10:43:10 [INFO] border is disabled for HWND(0x10206)
10:43:10 [INFO] border is disabled for HWND(0x20202)
10:45:07 [INFO] border is disabled for HWND(0x204ee)
10:46:01 [INFO] border is disabled for HWND(0x204ee)
10:46:54 [INFO] border is disabled for HWND(0xa10d1e)
10:46:55 [INFO] border is disabled for HWND(0xa20d1e)
10:47:33 [INFO] border is disabled for HWND(0x3c05c8)
10:47:46 [INFO] border is disabled for HWND(0xc10774)
10:47:48 [INFO] border is disabled for HWND(0x6d0c38)
10:47:49 [INFO] border is disabled for HWND(0x10206)
10:47:49 [INFO] border is disabled for HWND(0x20202)
10:47:56 [INFO] border is disabled for HWND(0x17e0cec)
10:48:45 [INFO] border is disabled for HWND(0x204ee)
10:49:23 [INFO] border is disabled for HWND(0xc50b90)
10:49:47 [ERROR] could not check for changes in config dir: The I/O operation has been aborted because of either a thread exit or an application request. (0x800703E3)
10:49:47 [INFO] exiting tacky-borders
